[ 2018-02-22T13:49:27+08:00 ] 54.183.130.127 /
INFO: [ app_init ] --START--
INFO: Run Behavior\BuildLiteBehavior [ RunTime:0.000040s ]
INFO: [ app_init ] --END-- [ RunTime:0.012020s ]
INFO: [ app_begin ] --START--
INFO: Run Behavior\ReadHtmlCacheBehavior [ RunTime:0.000906s ]
INFO: [ app_begin ] --END-- [ RunTime:0.001021s ]
INFO: [ view_parse ] --START--
INFO: [ template_filter ] --START--
INFO: Run Behavior\ContentReplaceBehavior [ RunTime:0.000054s ]
INFO: [ template_filter ] --END-- [ RunTime:0.000123s ]
NOTIC: [8] Undefined index: user /home/adlsh/public_html/Application/Runtime/Cache/Home/51f56f8f375e1b2493439729eff22748.php 第 42 行.
NOTIC: [8] Undefined index: user /home/adlsh/public_html/Application/Runtime/Cache/Home/51f56f8f375e1b2493439729eff22748.php 第 47 行.
INFO: Run Behavior\ParseTemplateBehavior [ RunTime:0.085133s ]
INFO: [ view_parse ] --END-- [ RunTime:0.085196s ]
INFO: [ view_filter ] --START--
INFO: Run Behavior\WriteHtmlCacheBehavior [ RunTime:0.007446s ]
INFO: [ view_filter ] --END-- [ RunTime:0.007517s ]
INFO: [ app_end ] --START--
INFO: Run Behavior\ShowPageTraceBehavior [ RunTime:0.017880s ]
INFO: [ app_end ] --END-- [ RunTime:0.017962s ]

[ 2018-02-22T17:26:39+08:00 ] 88.198.0.163 /index.php/Home/Articles/show_articles/p/1.html
INFO: [ app_init ] --START--
INFO: Run Behavior\BuildLiteBehavior [ RunTime:0.000031s ]
INFO: [ app_init ] --END-- [ RunTime:0.000794s ]
INFO: [ app_begin ] --START--
INFO: Run Behavior\ReadHtmlCacheBehavior [ RunTime:0.007708s ]
INFO: [ app_begin ] --END-- [ RunTime:0.007783s ]
SQL: SHOW COLUMNS FROM `think_articles` [ RunTime:0.0015s ]
NOTIC: [2] Invalid argument supplied for foreach() /home/adlsh/public_html/ThinkPHP/Library/Think/Db/Driver.class.php 第 504 行.
SQL: SELECT COUNT(*) AS tp_count FROM `think_articles` LIMIT 1   [ RunTime:0.0128s ]
NOTIC: [2] Invalid argument supplied for foreach() /home/adlsh/public_html/ThinkPHP/Library/Think/Db/Driver.class.php 第 504 行.
SQL: SELECT * FROM `think_articles` ORDER BY id desc LIMIT 0,6   [ RunTime:0.0012s ]
INFO: [ view_parse ] --START--
INFO: [ template_filter ] --START--
INFO: Run Behavior\ContentReplaceBehavior [ RunTime:0.000060s ]
INFO: [ template_filter ] --END-- [ RunTime:0.000130s ]
NOTIC: [8] Undefined index: user /home/adlsh/public_html/Application/Runtime/Cache/Home/488f29f85e04ce1b07cdd2e6e11d3c70.php 第 44 行.
NOTIC: [8] Undefined index: user /home/adlsh/public_html/Application/Runtime/Cache/Home/488f29f85e04ce1b07cdd2e6e11d3c70.php 第 49 行.
INFO: Run Behavior\ParseTemplateBehavior [ RunTime:0.080214s ]
INFO: [ view_parse ] --END-- [ RunTime:0.080274s ]
INFO: [ view_filter ] --START--
INFO: Run Behavior\WriteHtmlCacheBehavior [ RunTime:0.003503s ]
INFO: [ view_filter ] --END-- [ RunTime:0.003544s ]
INFO: [ app_end ] --START--
INFO: Run Behavior\ShowPageTraceBehavior [ RunTime:0.009909s ]
INFO: [ app_end ] --END-- [ RunTime:0.009986s ]

[ 2018-02-22T17:26:40+08:00 ] 88.198.0.163 /index.php/Home/Articles/show_articles/p/12.html
INFO: [ app_init ] --START--
INFO: Run Behavior\BuildLiteBehavior [ RunTime:0.000015s ]
INFO: [ app_init ] --END-- [ RunTime:0.000330s ]
INFO: [ app_begin ] --START--
INFO: Run Behavior\ReadHtmlCacheBehavior [ RunTime:0.000403s ]
INFO: [ app_begin ] --END-- [ RunTime:0.000448s ]
SQL: SHOW COLUMNS FROM `think_articles` [ RunTime:0.0006s ]
NOTIC: [2] Invalid argument supplied for foreach() /home/adlsh/public_html/ThinkPHP/Library/Think/Db/Driver.class.php 第 504 行.
SQL: SELECT COUNT(*) AS tp_count FROM `think_articles` LIMIT 1   [ RunTime:0.0008s ]
NOTIC: [2] Invalid argument supplied for foreach() /home/adlsh/public_html/ThinkPHP/Library/Think/Db/Driver.class.php 第 504 行.
SQL: SELECT * FROM `think_articles` ORDER BY id desc LIMIT 66,6   [ RunTime:0.0013s ]
INFO: [ view_parse ] --START--
INFO: [ template_filter ] --START--
INFO: Run Behavior\ContentReplaceBehavior [ RunTime:0.000050s ]
INFO: [ template_filter ] --END-- [ RunTime:0.000096s ]
NOTIC: [8] Undefined index: user /home/adlsh/public_html/Application/Runtime/Cache/Home/488f29f85e04ce1b07cdd2e6e11d3c70.php 第 44 行.
NOTIC: [8] Undefined index: user /home/adlsh/public_html/Application/Runtime/Cache/Home/488f29f85e04ce1b07cdd2e6e11d3c70.php 第 49 行.
INFO: Run Behavior\ParseTemplateBehavior [ RunTime:0.007613s ]
INFO: [ view_parse ] --END-- [ RunTime:0.007660s ]
INFO: [ view_filter ] --START--
INFO: Run Behavior\WriteHtmlCacheBehavior [ RunTime:0.000144s ]
INFO: [ view_filter ] --END-- [ RunTime:0.000182s ]
INFO: [ app_end ] --START--
INFO: Run Behavior\ShowPageTraceBehavior [ RunTime:0.000399s ]
INFO: [ app_end ] --END-- [ RunTime:0.000445s ]

[ 2018-02-22T17:26:42+08:00 ] 88.198.0.163 /index.php/Home/Articles/show_articles/p/13.html
INFO: [ app_init ] --START--
INFO: Run Behavior\BuildLiteBehavior [ RunTime:0.000019s ]
INFO: [ app_init ] --END-- [ RunTime:0.000646s ]
INFO: [ app_begin ] --START--
INFO: Run Behavior\ReadHtmlCacheBehavior [ RunTime:0.000399s ]
INFO: [ app_begin ] --END-- [ RunTime:0.000445s ]
SQL: SHOW COLUMNS FROM `think_articles` [ RunTime:0.0008s ]
NOTIC: [2] Invalid argument supplied for foreach() /home/adlsh/public_html/ThinkPHP/Library/Think/Db/Driver.class.php 第 504 行.
SQL: SELECT COUNT(*) AS tp_count FROM `think_articles` LIMIT 1   [ RunTime:0.0008s ]
NOTIC: [2] Invalid argument supplied for foreach() /home/adlsh/public_html/ThinkPHP/Library/Think/Db/Driver.class.php 第 504 行.
SQL: SELECT * FROM `think_articles` ORDER BY id desc LIMIT 72,6   [ RunTime:0.0009s ]
INFO: [ view_parse ] --START--
INFO: [ template_filter ] --START--
INFO: Run Behavior\ContentReplaceBehavior [ RunTime:0.000045s ]
INFO: [ template_filter ] --END-- [ RunTime:0.000092s ]
NOTIC: [8] Undefined index: user /home/adlsh/public_html/Application/Runtime/Cache/Home/488f29f85e04ce1b07cdd2e6e11d3c70.php 第 44 行.
NOTIC: [8] Undefined index: user /home/adlsh/public_html/Application/Runtime/Cache/Home/488f29f85e04ce1b07cdd2e6e11d3c70.php 第 49 行.
INFO: Run Behavior\ParseTemplateBehavior [ RunTime:0.008260s ]
INFO: [ view_parse ] --END-- [ RunTime:0.008305s ]
INFO: [ view_filter ] --START--
INFO: Run Behavior\WriteHtmlCacheBehavior [ RunTime:0.000364s ]
INFO: [ view_filter ] --END-- [ RunTime:0.000444s ]
INFO: [ app_end ] --START--
INFO: Run Behavior\ShowPageTraceBehavior [ RunTime:0.000611s ]
INFO: [ app_end ] --END-- [ RunTime:0.000681s ]

[ 2018-02-22T17:26:44+08:00 ] 88.198.0.163 /index.php/Home/Articles/show_articles/p/14.html
INFO: [ app_init ] --START--
INFO: Run Behavior\BuildLiteBehavior [ RunTime:0.000015s ]
INFO: [ app_init ] --END-- [ RunTime:0.000317s ]
INFO: [ app_begin ] --START--
INFO: Run Behavior\ReadHtmlCacheBehavior [ RunTime:0.000398s ]
INFO: [ app_begin ] --END-- [ RunTime:0.000442s ]
SQL: SHOW COLUMNS FROM `think_articles` [ RunTime:0.0008s ]
NOTIC: [2] Invalid argument supplied for foreach() /home/adlsh/public_html/ThinkPHP/Library/Think/Db/Driver.class.php 第 504 行.
SQL: SELECT COUNT(*) AS tp_count FROM `think_articles` LIMIT 1   [ RunTime:0.0008s ]
NOTIC: [2] Invalid argument supplied for foreach() /home/adlsh/public_html/ThinkPHP/Library/Think/Db/Driver.class.php 第 504 行.
SQL: SELECT * FROM `think_articles` ORDER BY id desc LIMIT 78,6   [ RunTime:0.0005s ]
INFO: [ view_parse ] --START--
INFO: [ template_filter ] --START--
INFO: Run Behavior\ContentReplaceBehavior [ RunTime:0.000047s ]
INFO: [ template_filter ] --END-- [ RunTime:0.000100s ]
NOTIC: [8] Undefined index: user /home/adlsh/public_html/Application/Runtime/Cache/Home/488f29f85e04ce1b07cdd2e6e11d3c70.php 第 44 行.
NOTIC: [8] Undefined index: user /home/adlsh/public_html/Application/Runtime/Cache/Home/488f29f85e04ce1b07cdd2e6e11d3c70.php 第 49 行.
INFO: Run Behavior\ParseTemplateBehavior [ RunTime:0.007719s ]
INFO: [ view_parse ] --END-- [ RunTime:0.007765s ]
INFO: [ view_filter ] --START--
INFO: Run Behavior\WriteHtmlCacheBehavior [ RunTime:0.000146s ]
INFO: [ view_filter ] --END-- [ RunTime:0.000185s ]
INFO: [ app_end ] --START--
INFO: Run Behavior\ShowPageTraceBehavior [ RunTime:0.000412s ]
INFO: [ app_end ] --END-- [ RunTime:0.000461s ]

[ 2018-02-22T17:26:45+08:00 ] 88.198.0.163 /index.php/Home/Articles/show_articles/p/15.html
INFO: [ app_init ] --START--
INFO: Run Behavior\BuildLiteBehavior [ RunTime:0.000015s ]
INFO: [ app_init ] --END-- [ RunTime:0.000423s ]
INFO: [ app_begin ] --START--
INFO: Run Behavior\ReadHtmlCacheBehavior [ RunTime:0.000385s ]
INFO: [ app_begin ] --END-- [ RunTime:0.000430s ]
SQL: SHOW COLUMNS FROM `think_articles` [ RunTime:0.0006s ]
NOTIC: [2] Invalid argument supplied for foreach() /home/adlsh/public_html/ThinkPHP/Library/Think/Db/Driver.class.php 第 504 行.
SQL: SELECT COUNT(*) AS tp_count FROM `think_articles` LIMIT 1   [ RunTime:0.0010s ]
NOTIC: [2] Invalid argument supplied for foreach() /home/adlsh/public_html/ThinkPHP/Library/Think/Db/Driver.class.php 第 504 行.
SQL: SELECT * FROM `think_articles` ORDER BY id desc LIMIT 84,6   [ RunTime:0.0006s ]
INFO: [ view_parse ] --START--
INFO: [ template_filter ] --START--
INFO: Run Behavior\ContentReplaceBehavior [ RunTime:0.000077s ]
INFO: [ template_filter ] --END-- [ RunTime:0.000166s ]
NOTIC: [8] Undefined index: user /home/adlsh/public_html/Application/Runtime/Cache/Home/488f29f85e04ce1b07cdd2e6e11d3c70.php 第 44 行.
NOTIC: [8] Undefined index: user /home/adlsh/public_html/Application/Runtime/Cache/Home/488f29f85e04ce1b07cdd2e6e11d3c70.php 第 49 行.
INFO: Run Behavior\ParseTemplateBehavior [ RunTime:0.012232s ]
INFO: [ view_parse ] --END-- [ RunTime:0.012279s ]
INFO: [ view_filter ] --START--
INFO: Run Behavior\WriteHtmlCacheBehavior [ RunTime:0.000164s ]
INFO: [ view_filter ] --END-- [ RunTime:0.000200s ]
INFO: [ app_end ] --START--
INFO: Run Behavior\ShowPageTraceBehavior [ RunTime:0.000438s ]
INFO: [ app_end ] --END-- [ RunTime:0.000484s ]

[ 2018-02-22T17:26:47+08:00 ] 88.198.0.163 /index.php/Home/Articles/show_articles/p/16.html
INFO: [ app_init ] --START--
INFO: Run Behavior\BuildLiteBehavior [ RunTime:0.000021s ]
INFO: [ app_init ] --END-- [ RunTime:0.000472s ]
INFO: [ app_begin ] --START--
INFO: Run Behavior\ReadHtmlCacheBehavior [ RunTime:0.000684s ]
INFO: [ app_begin ] --END-- [ RunTime:0.000753s ]
SQL: SHOW COLUMNS FROM `think_articles` [ RunTime:0.0006s ]
NOTIC: [2] Invalid argument supplied for foreach() /home/adlsh/public_html/ThinkPHP/Library/Think/Db/Driver.class.php 第 504 行.
SQL: SELECT COUNT(*) AS tp_count FROM `think_articles` LIMIT 1   [ RunTime:0.0008s ]
NOTIC: [2] Invalid argument supplied for foreach() /home/adlsh/public_html/ThinkPHP/Library/Think/Db/Driver.class.php 第 504 行.
SQL: SELECT * FROM `think_articles` ORDER BY id desc LIMIT 90,6   [ RunTime:0.0010s ]
INFO: [ view_parse ] --START--
INFO: [ template_filter ] --START--
INFO: Run Behavior\ContentReplaceBehavior [ RunTime:0.000050s ]
INFO: [ template_filter ] --END-- [ RunTime:0.000114s ]
NOTIC: [8] Undefined index: user /home/adlsh/public_html/Application/Runtime/Cache/Home/488f29f85e04ce1b07cdd2e6e11d3c70.php 第 44 行.
NOTIC: [8] Undefined index: user /home/adlsh/public_html/Application/Runtime/Cache/Home/488f29f85e04ce1b07cdd2e6e11d3c70.php 第 49 行.
INFO: Run Behavior\ParseTemplateBehavior [ RunTime:0.008207s ]
INFO: [ view_parse ] --END-- [ RunTime:0.008255s ]
INFO: [ view_filter ] --START--
INFO: Run Behavior\WriteHtmlCacheBehavior [ RunTime:0.000149s ]
INFO: [ view_filter ] --END-- [ RunTime:0.000187s ]
INFO: [ app_end ] --START--
INFO: Run Behavior\ShowPageTraceBehavior [ RunTime:0.000485s ]
INFO: [ app_end ] --END-- [ RunTime:0.000542s ]

[ 2018-02-22T17:26:49+08:00 ] 88.198.0.163 /index.php/Home/Articles/show_articles/p/329.html
INFO: [ app_init ] --START--
INFO: Run Behavior\BuildLiteBehavior [ RunTime:0.000017s ]
INFO: [ app_init ] --END-- [ RunTime:0.000335s ]
INFO: [ app_begin ] --START--
INFO: Run Behavior\ReadHtmlCacheBehavior [ RunTime:0.000513s ]
INFO: [ app_begin ] --END-- [ RunTime:0.000571s ]
SQL: SHOW COLUMNS FROM `think_articles` [ RunTime:0.0007s ]
NOTIC: [2] Invalid argument supplied for foreach() /home/adlsh/public_html/ThinkPHP/Library/Think/Db/Driver.class.php 第 504 行.
SQL: SELECT COUNT(*) AS tp_count FROM `think_articles` LIMIT 1   [ RunTime:0.0012s ]
NOTIC: [2] Invalid argument supplied for foreach() /home/adlsh/public_html/ThinkPHP/Library/Think/Db/Driver.class.php 第 504 行.
SQL: SELECT * FROM `think_articles` ORDER BY id desc LIMIT 1968,6   [ RunTime:0.0385s ]
INFO: [ view_parse ] --START--
INFO: [ template_filter ] --START--
INFO: Run Behavior\ContentReplaceBehavior [ RunTime:0.000060s ]
INFO: [ template_filter ] --END-- [ RunTime:0.000124s ]
NOTIC: [8] Undefined index: user /home/adlsh/public_html/Application/Runtime/Cache/Home/488f29f85e04ce1b07cdd2e6e11d3c70.php 第 44 行.
NOTIC: [8] Undefined index: user /home/adlsh/public_html/Application/Runtime/Cache/Home/488f29f85e04ce1b07cdd2e6e11d3c70.php 第 49 行.
INFO: Run Behavior\ParseTemplateBehavior [ RunTime:0.008778s ]
INFO: [ view_parse ] --END-- [ RunTime:0.008855s ]
INFO: [ view_filter ] --START--
INFO: Run Behavior\WriteHtmlCacheBehavior [ RunTime:0.000149s ]
INFO: [ view_filter ] --END-- [ RunTime:0.000187s ]
INFO: [ app_end ] --START--
INFO: Run Behavior\ShowPageTraceBehavior [ RunTime:0.000452s ]
INFO: [ app_end ] --END-- [ RunTime:0.000497s ]

[ 2018-02-22T17:26:50+08:00 ] 88.198.0.163 /index.php/Home/Articles/show_articles/p/330.html
INFO: [ app_init ] --START--
INFO: Run Behavior\BuildLiteBehavior [ RunTime:0.000014s ]
INFO: [ app_init ] --END-- [ RunTime:0.000343s ]
INFO: [ app_begin ] --START--
INFO: Run Behavior\ReadHtmlCacheBehavior [ RunTime:0.000398s ]
INFO: [ app_begin ] --END-- [ RunTime:0.000441s ]
SQL: SHOW COLUMNS FROM `think_articles` [ RunTime:0.0007s ]
NOTIC: [2] Invalid argument supplied for foreach() /home/adlsh/public_html/ThinkPHP/Library/Think/Db/Driver.class.php 第 504 行.
SQL: SELECT COUNT(*) AS tp_count FROM `think_articles` LIMIT 1   [ RunTime:0.0008s ]
NOTIC: [2] Invalid argument supplied for foreach() /home/adlsh/public_html/ThinkPHP/Library/Think/Db/Driver.class.php 第 504 行.
SQL: SELECT * FROM `think_articles` ORDER BY id desc LIMIT 1974,6   [ RunTime:0.0092s ]
INFO: [ view_parse ] --START--
INFO: [ template_filter ] --START--
INFO: Run Behavior\ContentReplaceBehavior [ RunTime:0.000052s ]
INFO: [ template_filter ] --END-- [ RunTime:0.000106s ]
NOTIC: [8] Undefined index: user /home/adlsh/public_html/Application/Runtime/Cache/Home/488f29f85e04ce1b07cdd2e6e11d3c70.php 第 44 行.
NOTIC: [8] Undefined index: user /home/adlsh/public_html/Application/Runtime/Cache/Home/488f29f85e04ce1b07cdd2e6e11d3c70.php 第 49 行.
INFO: Run Behavior\ParseTemplateBehavior [ RunTime:0.008549s ]
INFO: [ view_parse ] --END-- [ RunTime:0.008598s ]
INFO: [ view_filter ] --START--
INFO: Run Behavior\WriteHtmlCacheBehavior [ RunTime:0.000146s ]
INFO: [ view_filter ] --END-- [ RunTime:0.000186s ]
INFO: [ app_end ] --START--
INFO: Run Behavior\ShowPageTraceBehavior [ RunTime:0.000416s ]
INFO: [ app_end ] --END-- [ RunTime:0.000473s ]

[ 2018-02-22T17:26:52+08:00 ] 88.198.0.163 /index.php/Home/Articles/show_articles/p/331.html
INFO: [ app_init ] --START--
INFO: Run Behavior\BuildLiteBehavior [ RunTime:0.000016s ]
INFO: [ app_init ] --END-- [ RunTime:0.000329s ]
INFO: [ app_begin ] --START--
INFO: Run Behavior\ReadHtmlCacheBehavior [ RunTime:0.000402s ]
INFO: [ app_begin ] --END-- [ RunTime:0.000447s ]
SQL: SHOW COLUMNS FROM `think_articles` [ RunTime:0.0006s ]
NOTIC: [2] Invalid argument supplied for foreach() /home/adlsh/public_html/ThinkPHP/Library/Think/Db/Driver.class.php 第 504 行.
SQL: SELECT COUNT(*) AS tp_count FROM `think_articles` LIMIT 1   [ RunTime:0.0007s ]
NOTIC: [2] Invalid argument supplied for foreach() /home/adlsh/public_html/ThinkPHP/Library/Think/Db/Driver.class.php 第 504 行.
SQL: SELECT * FROM `think_articles` ORDER BY id desc LIMIT 1980,6   [ RunTime:0.0027s ]
INFO: [ view_parse ] --START--
INFO: [ template_filter ] --START--
INFO: Run Behavior\ContentReplaceBehavior [ RunTime:0.000049s ]
INFO: [ template_filter ] --END-- [ RunTime:0.000109s ]
NOTIC: [8] Undefined index: user /home/adlsh/public_html/Application/Runtime/Cache/Home/488f29f85e04ce1b07cdd2e6e11d3c70.php 第 44 行.
NOTIC: [8] Undefined index: user /home/adlsh/public_html/Application/Runtime/Cache/Home/488f29f85e04ce1b07cdd2e6e11d3c70.php 第 49 行.
INFO: Run Behavior\ParseTemplateBehavior [ RunTime:0.007860s ]
INFO: [ view_parse ] --END-- [ RunTime:0.007912s ]
INFO: [ view_filter ] --START--
INFO: Run Behavior\WriteHtmlCacheBehavior [ RunTime:0.000160s ]
INFO: [ view_filter ] --END-- [ RunTime:0.000200s ]
INFO: [ app_end ] --START--
INFO: Run Behavior\ShowPageTraceBehavior [ RunTime:0.000422s ]
INFO: [ app_end ] --END-- [ RunTime:0.000471s ]

[ 2018-02-22T17:26:54+08:00 ] 88.198.0.163 /index.php/Home/Articles/show_articles/p/332.html
INFO: [ app_init ] --START--
INFO: Run Behavior\BuildLiteBehavior [ RunTime:0.000017s ]
INFO: [ app_init ] --END-- [ RunTime:0.000329s ]
INFO: [ app_begin ] --START--
INFO: Run Behavior\ReadHtmlCacheBehavior [ RunTime:0.000593s ]
INFO: [ app_begin ] --END-- [ RunTime:0.000639s ]
SQL: SHOW COLUMNS FROM `think_articles` [ RunTime:0.0009s ]
NOTIC: [2] Invalid argument supplied for foreach() /home/adlsh/public_html/ThinkPHP/Library/Think/Db/Driver.class.php 第 504 行.
SQL: SELECT COUNT(*) AS tp_count FROM `think_articles` LIMIT 1   [ RunTime:0.0014s ]
NOTIC: [2] Invalid argument supplied for foreach() /home/adlsh/public_html/ThinkPHP/Library/Think/Db/Driver.class.php 第 504 行.
SQL: SELECT * FROM `think_articles` ORDER BY id desc LIMIT 1986,6   [ RunTime:0.0045s ]
INFO: [ view_parse ] --START--
INFO: [ template_filter ] --START--
INFO: Run Behavior\ContentReplaceBehavior [ RunTime:0.000052s ]
INFO: [ template_filter ] --END-- [ RunTime:0.000116s ]
NOTIC: [8] Undefined index: user /home/adlsh/public_html/Application/Runtime/Cache/Home/488f29f85e04ce1b07cdd2e6e11d3c70.php 第 44 行.
NOTIC: [8] Undefined index: user /home/adlsh/public_html/Application/Runtime/Cache/Home/488f29f85e04ce1b07cdd2e6e11d3c70.php 第 49 行.
INFO: Run Behavior\ParseTemplateBehavior [ RunTime:0.011788s ]
INFO: [ view_parse ] --END-- [ RunTime:0.011851s ]
INFO: [ view_filter ] --START--
INFO: Run Behavior\WriteHtmlCacheBehavior [ RunTime:0.000160s ]
INFO: [ view_filter ] --END-- [ RunTime:0.000195s ]
INFO: [ app_end ] --START--
INFO: Run Behavior\ShowPageTraceBehavior [ RunTime:0.000462s ]
INFO: [ app_end ] --END-- [ RunTime:0.000507s ]

[ 2018-02-22T17:26:55+08:00 ] 88.198.0.163 /index.php/Home/Articles/show_articles/p/333.html
INFO: [ app_init ] --START--
INFO: Run Behavior\BuildLiteBehavior [ RunTime:0.000020s ]
INFO: [ app_init ] --END-- [ RunTime:0.000465s ]
INFO: [ app_begin ] --START--
INFO: Run Behavior\ReadHtmlCacheBehavior [ RunTime:0.000591s ]
INFO: [ app_begin ] --END-- [ RunTime:0.000656s ]
SQL: SHOW COLUMNS FROM `think_articles` [ RunTime:0.0007s ]
NOTIC: [2] Invalid argument supplied for foreach() /home/adlsh/public_html/ThinkPHP/Library/Think/Db/Driver.class.php 第 504 行.
SQL: SELECT COUNT(*) AS tp_count FROM `think_articles` LIMIT 1   [ RunTime:0.0012s ]
NOTIC: [2] Invalid argument supplied for foreach() /home/adlsh/public_html/ThinkPHP/Library/Think/Db/Driver.class.php 第 504 行.
SQL: SELECT * FROM `think_articles` ORDER BY id desc LIMIT 1992,6   [ RunTime:0.0049s ]
INFO: [ view_parse ] --START--
INFO: [ template_filter ] --START--
INFO: Run Behavior\ContentReplaceBehavior [ RunTime:0.000052s ]
INFO: [ template_filter ] --END-- [ RunTime:0.000118s ]
NOTIC: [8] Undefined index: user /home/adlsh/public_html/Application/Runtime/Cache/Home/488f29f85e04ce1b07cdd2e6e11d3c70.php 第 44 行.
NOTIC: [8] Undefined index: user /home/adlsh/public_html/Application/Runtime/Cache/Home/488f29f85e04ce1b07cdd2e6e11d3c70.php 第 49 行.
INFO: Run Behavior\ParseTemplateBehavior [ RunTime:0.009864s ]
INFO: [ view_parse ] --END-- [ RunTime:0.009926s ]
INFO: [ view_filter ] --START--
INFO: Run Behavior\WriteHtmlCacheBehavior [ RunTime:0.000147s ]
INFO: [ view_filter ] --END-- [ RunTime:0.000186s ]
INFO: [ app_end ] --START--
INFO: Run Behavior\ShowPageTraceBehavior [ RunTime:0.000439s ]
INFO: [ app_end ] --END-- [ RunTime:0.000493s ]

[ 2018-02-22T17:26:57+08:00 ] 88.198.0.163 /index.php/Home/Articles/show_articles/p/334.html
INFO: [ app_init ] --START--
INFO: Run Behavior\BuildLiteBehavior [ RunTime:0.000016s ]
INFO: [ app_init ] --END-- [ RunTime:0.000343s ]
INFO: [ app_begin ] --START--
INFO: Run Behavior\ReadHtmlCacheBehavior [ RunTime:0.000409s ]
INFO: [ app_begin ] --END-- [ RunTime:0.000453s ]
SQL: SHOW COLUMNS FROM `think_articles` [ RunTime:0.0007s ]
NOTIC: [2] Invalid argument supplied for foreach() /home/adlsh/public_html/ThinkPHP/Library/Think/Db/Driver.class.php 第 504 行.
SQL: SELECT COUNT(*) AS tp_count FROM `think_articles` LIMIT 1   [ RunTime:0.0008s ]
NOTIC: [2] Invalid argument supplied for foreach() /home/adlsh/public_html/ThinkPHP/Library/Think/Db/Driver.class.php 第 504 行.
SQL: SELECT * FROM `think_articles` ORDER BY id desc LIMIT 1998,6   [ RunTime:0.0032s ]
INFO: [ view_parse ] --START--
INFO: [ template_filter ] --START--
INFO: Run Behavior\ContentReplaceBehavior [ RunTime:0.000051s ]
INFO: [ template_filter ] --END-- [ RunTime:0.000124s ]
NOTIC: [8] Undefined index: user /home/adlsh/public_html/Application/Runtime/Cache/Home/488f29f85e04ce1b07cdd2e6e11d3c70.php 第 44 行.
NOTIC: [8] Undefined index: user /home/adlsh/public_html/Application/Runtime/Cache/Home/488f29f85e04ce1b07cdd2e6e11d3c70.php 第 49 行.
INFO: Run Behavior\ParseTemplateBehavior [ RunTime:0.010642s ]
INFO: [ view_parse ] --END-- [ RunTime:0.010704s ]
INFO: [ view_filter ] --START--
INFO: Run Behavior\WriteHtmlCacheBehavior [ RunTime:0.000206s ]
INFO: [ view_filter ] --END-- [ RunTime:0.000262s ]
INFO: [ app_end ] --START--
INFO: Run Behavior\ShowPageTraceBehavior [ RunTime:0.000577s ]
INFO: [ app_end ] --END-- [ RunTime:0.000639s ]

[ 2018-02-22T17:26:59+08:00 ] 88.198.0.163 /index.php/Home/Articles/show_articles/p/335.html
INFO: [ app_init ] --START--
INFO: Run Behavior\BuildLiteBehavior [ RunTime:0.000015s ]
INFO: [ app_init ] --END-- [ RunTime:0.000351s ]
INFO: [ app_begin ] --START--
INFO: Run Behavior\ReadHtmlCacheBehavior [ RunTime:0.000398s ]
INFO: [ app_begin ] --END-- [ RunTime:0.000454s ]
SQL: SHOW COLUMNS FROM `think_articles` [ RunTime:0.0006s ]
NOTIC: [2] Invalid argument supplied for foreach() /home/adlsh/public_html/ThinkPHP/Library/Think/Db/Driver.class.php 第 504 行.
SQL: SELECT COUNT(*) AS tp_count FROM `think_articles` LIMIT 1   [ RunTime:0.0008s ]
NOTIC: [2] Invalid argument supplied for foreach() /home/adlsh/public_html/ThinkPHP/Library/Think/Db/Driver.class.php 第 504 行.
SQL: SELECT * FROM `think_articles` ORDER BY id desc LIMIT 2004,6   [ RunTime:0.0029s ]
INFO: [ view_parse ] --START--
INFO: [ template_filter ] --START--
INFO: Run Behavior\ContentReplaceBehavior [ RunTime:0.000055s ]
INFO: [ template_filter ] --END-- [ RunTime:0.000113s ]
NOTIC: [8] Undefined index: user /home/adlsh/public_html/Application/Runtime/Cache/Home/488f29f85e04ce1b07cdd2e6e11d3c70.php 第 44 行.
NOTIC: [8] Undefined index: user /home/adlsh/public_html/Application/Runtime/Cache/Home/488f29f85e04ce1b07cdd2e6e11d3c70.php 第 49 行.
INFO: Run Behavior\ParseTemplateBehavior [ RunTime:0.008574s ]
INFO: [ view_parse ] --END-- [ RunTime:0.008624s ]
INFO: [ view_filter ] --START--
INFO: Run Behavior\WriteHtmlCacheBehavior [ RunTime:0.000153s ]
INFO: [ view_filter ] --END-- [ RunTime:0.000192s ]
INFO: [ app_end ] --START--
INFO: Run Behavior\ShowPageTraceBehavior [ RunTime:0.000427s ]
INFO: [ app_end ] --END-- [ RunTime:0.000486s ]

[ 2018-02-22T17:27:01+08:00 ] 88.198.0.163 /index.php/Home/Articles/show_articles/p/336.html
INFO: [ app_init ] --START--
INFO: Run Behavior\BuildLiteBehavior [ RunTime:0.000017s ]
INFO: [ app_init ] --END-- [ RunTime:0.000328s ]
INFO: [ app_begin ] --START--
INFO: Run Behavior\ReadHtmlCacheBehavior [ RunTime:0.000397s ]
INFO: [ app_begin ] --END-- [ RunTime:0.000442s ]
SQL: SHOW COLUMNS FROM `think_articles` [ RunTime:0.0009s ]
NOTIC: [2] Invalid argument supplied for foreach() /home/adlsh/public_html/ThinkPHP/Library/Think/Db/Driver.class.php 第 504 行.
SQL: SELECT COUNT(*) AS tp_count FROM `think_articles` LIMIT 1   [ RunTime:0.0013s ]
NOTIC: [2] Invalid argument supplied for foreach() /home/adlsh/public_html/ThinkPHP/Library/Think/Db/Driver.class.php 第 504 行.
SQL: SELECT * FROM `think_articles` ORDER BY id desc LIMIT 2010,6   [ RunTime:0.0048s ]
INFO: [ view_parse ] --START--
INFO: [ template_filter ] --START--
INFO: Run Behavior\ContentReplaceBehavior [ RunTime:0.000054s ]
INFO: [ template_filter ] --END-- [ RunTime:0.000116s ]
NOTIC: [8] Undefined index: user /home/adlsh/public_html/Application/Runtime/Cache/Home/488f29f85e04ce1b07cdd2e6e11d3c70.php 第 44 行.
NOTIC: [8] Undefined index: user /home/adlsh/public_html/Application/Runtime/Cache/Home/488f29f85e04ce1b07cdd2e6e11d3c70.php 第 49 行.
INFO: Run Behavior\ParseTemplateBehavior [ RunTime:0.007985s ]
INFO: [ view_parse ] --END-- [ RunTime:0.008036s ]
INFO: [ view_filter ] --START--
INFO: Run Behavior\WriteHtmlCacheBehavior [ RunTime:0.000153s ]
INFO: [ view_filter ] --END-- [ RunTime:0.000191s ]
INFO: [ app_end ] --START--
INFO: Run Behavior\ShowPageTraceBehavior [ RunTime:0.000427s ]
INFO: [ app_end ] --END-- [ RunTime:0.000488s ]

[ 2018-02-22T17:27:02+08:00 ] 88.198.0.163 /index.php/Home/Articles/show_articles/p/337.html
INFO: [ app_init ] --START--
INFO: Run Behavior\BuildLiteBehavior [ RunTime:0.000016s ]
INFO: [ app_init ] --END-- [ RunTime:0.000342s ]
INFO: [ app_begin ] --START--
INFO: Run Behavior\ReadHtmlCacheBehavior [ RunTime:0.000530s ]
INFO: [ app_begin ] --END-- [ RunTime:0.000576s ]
SQL: SHOW COLUMNS FROM `think_articles` [ RunTime:0.0007s ]
NOTIC: [2] Invalid argument supplied for foreach() /home/adlsh/public_html/ThinkPHP/Library/Think/Db/Driver.class.php 第 504 行.
SQL: SELECT COUNT(*) AS tp_count FROM `think_articles` LIMIT 1   [ RunTime:0.0011s ]
NOTIC: [2] Invalid argument supplied for foreach() /home/adlsh/public_html/ThinkPHP/Library/Think/Db/Driver.class.php 第 504 行.
SQL: SELECT * FROM `think_articles` ORDER BY id desc LIMIT 2016,6   [ RunTime:0.0043s ]
INFO: [ view_parse ] --START--
INFO: [ template_filter ] --START--
INFO: Run Behavior\ContentReplaceBehavior [ RunTime:0.000049s ]
INFO: [ template_filter ] --END-- [ RunTime:0.000098s ]
NOTIC: [8] Undefined index: user /home/adlsh/public_html/Application/Runtime/Cache/Home/488f29f85e04ce1b07cdd2e6e11d3c70.php 第 44 行.
NOTIC: [8] Undefined index: user /home/adlsh/public_html/Application/Runtime/Cache/Home/488f29f85e04ce1b07cdd2e6e11d3c70.php 第 49 行.
INFO: Run Behavior\ParseTemplateBehavior [ RunTime:0.008655s ]
INFO: [ view_parse ] --END-- [ RunTime:0.008706s ]
INFO: [ view_filter ] --START--
INFO: Run Behavior\WriteHtmlCacheBehavior [ RunTime:0.000148s ]
INFO: [ view_filter ] --END-- [ RunTime:0.000188s ]
INFO: [ app_end ] --START--
INFO: Run Behavior\ShowPageTraceBehavior [ RunTime:0.000501s ]
INFO: [ app_end ] --END-- [ RunTime:0.000546s ]

[ 2018-02-22T17:27:04+08:00 ] 88.198.0.163 /index.php/Home/Articles/show_articles/p/338.html
INFO: [ app_init ] --START--
INFO: Run Behavior\BuildLiteBehavior [ RunTime:0.000023s ]
INFO: [ app_init ] --END-- [ RunTime:0.000444s ]
INFO: [ app_begin ] --START--
INFO: Run Behavior\ReadHtmlCacheBehavior [ RunTime:0.000613s ]
INFO: [ app_begin ] --END-- [ RunTime:0.000675s ]
SQL: SHOW COLUMNS FROM `think_articles` [ RunTime:0.0007s ]
NOTIC: [2] Invalid argument supplied for foreach() /home/adlsh/public_html/ThinkPHP/Library/Think/Db/Driver.class.php 第 504 行.
SQL: SELECT COUNT(*) AS tp_count FROM `think_articles` LIMIT 1   [ RunTime:0.0008s ]
NOTIC: [2] Invalid argument supplied for foreach() /home/adlsh/public_html/ThinkPHP/Library/Think/Db/Driver.class.php 第 504 行.
SQL: SELECT * FROM `think_articles` ORDER BY id desc LIMIT 2022,6   [ RunTime:0.0035s ]
INFO: [ view_parse ] --START--
INFO: [ template_filter ] --START--
INFO: Run Behavior\ContentReplaceBehavior [ RunTime:0.000056s ]
INFO: [ template_filter ] --END-- [ RunTime:0.000140s ]
NOTIC: [8] Undefined index: user /home/adlsh/public_html/Application/Runtime/Cache/Home/488f29f85e04ce1b07cdd2e6e11d3c70.php 第 44 行.
NOTIC: [8] Undefined index: user /home/adlsh/public_html/Application/Runtime/Cache/Home/488f29f85e04ce1b07cdd2e6e11d3c70.php 第 49 行.
INFO: Run Behavior\ParseTemplateBehavior [ RunTime:0.011819s ]
INFO: [ view_parse ] --END-- [ RunTime:0.011894s ]
INFO: [ view_filter ] --START--
INFO: Run Behavior\WriteHtmlCacheBehavior [ RunTime:0.000207s ]
INFO: [ view_filter ] --END-- [ RunTime:0.000258s ]
INFO: [ app_end ] --START--
INFO: Run Behavior\ShowPageTraceBehavior [ RunTime:0.000437s ]
INFO: [ app_end ] --END-- [ RunTime:0.000492s ]

[ 2018-02-22T17:27:06+08:00 ] 88.198.0.163 /index.php/Home/Gallery/show_img/p/1.html
INFO: [ app_init ] --START--
INFO: Run Behavior\BuildLiteBehavior [ RunTime:0.000015s ]
INFO: [ app_init ] --END-- [ RunTime:0.000318s ]
INFO: [ app_begin ] --START--
INFO: Run Behavior\ReadHtmlCacheBehavior [ RunTime:0.000383s ]
INFO: [ app_begin ] --END-- [ RunTime:0.000426s ]
SQL: SHOW COLUMNS FROM `think_gallery` [ RunTime:0.0013s ]
NOTIC: [2] Invalid argument supplied for foreach() /home/adlsh/public_html/ThinkPHP/Library/Think/Db/Driver.class.php 第 504 行.
SQL: SELECT COUNT(*) AS tp_count FROM `think_gallery` LIMIT 1   [ RunTime:0.0108s ]
NOTIC: [2] Invalid argument supplied for foreach() /home/adlsh/public_html/ThinkPHP/Library/Think/Db/Driver.class.php 第 504 行.
SQL: SELECT * FROM `think_gallery` ORDER BY id desc LIMIT 0,30   [ RunTime:0.0005s ]
INFO: [ view_parse ] --START--
INFO: [ template_filter ] --START--
INFO: Run Behavior\ContentReplaceBehavior [ RunTime:0.000068s ]
INFO: [ template_filter ] --END-- [ RunTime:0.000152s ]
NOTIC: [8] Undefined index: user /home/adlsh/public_html/Application/Runtime/Cache/Home/dfcf2cd9cf6b646e145d81de9c56bc96.php 第 41 行.
NOTIC: [8] Undefined index: user /home/adlsh/public_html/Application/Runtime/Cache/Home/dfcf2cd9cf6b646e145d81de9c56bc96.php 第 46 行.
INFO: Run Behavior\ParseTemplateBehavior [ RunTime:0.063114s ]
INFO: [ view_parse ] --END-- [ RunTime:0.063193s ]
INFO: [ view_filter ] --START--
INFO: Run Behavior\WriteHtmlCacheBehavior [ RunTime:0.000249s ]
INFO: [ view_filter ] --END-- [ RunTime:0.000308s ]
INFO: [ app_end ] --START--
INFO: Run Behavior\ShowPageTraceBehavior [ RunTime:0.000650s ]
INFO: [ app_end ] --END-- [ RunTime:0.000716s ]

[ 2018-02-22T17:27:07+08:00 ] 88.198.0.163 /index.php/Home/Gallery/show_img/p/12.html
INFO: [ app_init ] --START--
INFO: Run Behavior\BuildLiteBehavior [ RunTime:0.000014s ]
INFO: [ app_init ] --END-- [ RunTime:0.000377s ]
INFO: [ app_begin ] --START--
INFO: Run Behavior\ReadHtmlCacheBehavior [ RunTime:0.000383s ]
INFO: [ app_begin ] --END-- [ RunTime:0.000428s ]
SQL: SHOW COLUMNS FROM `think_gallery` [ RunTime:0.0008s ]
NOTIC: [2] Invalid argument supplied for foreach() /home/adlsh/public_html/ThinkPHP/Library/Think/Db/Driver.class.php 第 504 行.
SQL: SELECT COUNT(*) AS tp_count FROM `think_gallery` LIMIT 1   [ RunTime:0.0044s ]
NOTIC: [2] Invalid argument supplied for foreach() /home/adlsh/public_html/ThinkPHP/Library/Think/Db/Driver.class.php 第 504 行.
SQL: SELECT * FROM `think_gallery` ORDER BY id desc LIMIT 330,30   [ RunTime:0.0018s ]
INFO: [ view_parse ] --START--
INFO: [ template_filter ] --START--
INFO: Run Behavior\ContentReplaceBehavior [ RunTime:0.000048s ]
INFO: [ template_filter ] --END-- [ RunTime:0.000109s ]
NOTIC: [8] Undefined index: user /home/adlsh/public_html/Application/Runtime/Cache/Home/dfcf2cd9cf6b646e145d81de9c56bc96.php 第 41 行.
NOTIC: [8] Undefined index: user /home/adlsh/public_html/Application/Runtime/Cache/Home/dfcf2cd9cf6b646e145d81de9c56bc96.php 第 46 行.
INFO: Run Behavior\ParseTemplateBehavior [ RunTime:0.008055s ]
INFO: [ view_parse ] --END-- [ RunTime:0.008113s ]
INFO: [ view_filter ] --START--
INFO: Run Behavior\WriteHtmlCacheBehavior [ RunTime:0.000145s ]
INFO: [ view_filter ] --END-- [ RunTime:0.000180s ]
INFO: [ app_end ] --START--
INFO: Run Behavior\ShowPageTraceBehavior [ RunTime:0.000419s ]
INFO: [ app_end ] --END-- [ RunTime:0.000463s ]

[ 2018-02-22T17:27:09+08:00 ] 88.198.0.163 /index.php/Home/Gallery/show_img/p/13.html
INFO: [ app_init ] --START--
INFO: Run Behavior\BuildLiteBehavior [ RunTime:0.000016s ]
INFO: [ app_init ] --END-- [ RunTime:0.000346s ]
INFO: [ app_begin ] --START--
INFO: Run Behavior\ReadHtmlCacheBehavior [ RunTime:0.000406s ]
INFO: [ app_begin ] --END-- [ RunTime:0.000451s ]
SQL: SHOW COLUMNS FROM `think_gallery` [ RunTime:0.0007s ]
NOTIC: [2] Invalid argument supplied for foreach() /home/adlsh/public_html/ThinkPHP/Library/Think/Db/Driver.class.php 第 504 行.
SQL: SELECT COUNT(*) AS tp_count FROM `think_gallery` LIMIT 1   [ RunTime:0.0024s ]
NOTIC: [2] Invalid argument supplied for foreach() /home/adlsh/public_html/ThinkPHP/Library/Think/Db/Driver.class.php 第 504 行.
SQL: SELECT * FROM `think_gallery` ORDER BY id desc LIMIT 360,30   [ RunTime:0.0005s ]
INFO: [ view_parse ] --START--
INFO: [ template_filter ] --START--
INFO: Run Behavior\ContentReplaceBehavior [ RunTime:0.000047s ]
INFO: [ template_filter ] --END-- [ RunTime:0.000098s ]
NOTIC: [8] Undefined index: user /home/adlsh/public_html/Application/Runtime/Cache/Home/dfcf2cd9cf6b646e145d81de9c56bc96.php 第 41 行.
NOTIC: [8] Undefined index: user /home/adlsh/public_html/Application/Runtime/Cache/Home/dfcf2cd9cf6b646e145d81de9c56bc96.php 第 46 行.
INFO: Run Behavior\ParseTemplateBehavior [ RunTime:0.007355s ]
INFO: [ view_parse ] --END-- [ RunTime:0.007408s ]
INFO: [ view_filter ] --START--
INFO: Run Behavior\WriteHtmlCacheBehavior [ RunTime:0.000146s ]
INFO: [ view_filter ] --END-- [ RunTime:0.000181s ]
INFO: [ app_end ] --START--
INFO: Run Behavior\ShowPageTraceBehavior [ RunTime:0.000459s ]
INFO: [ app_end ] --END-- [ RunTime:0.000504s ]

[ 2018-02-22T17:27:11+08:00 ] 88.198.0.163 /index.php/Home/Gallery/show_img/p/14.html
INFO: [ app_init ] --START--
INFO: Run Behavior\BuildLiteBehavior [ RunTime:0.000015s ]
INFO: [ app_init ] --END-- [ RunTime:0.000318s ]
INFO: [ app_begin ] --START--
INFO: Run Behavior\ReadHtmlCacheBehavior [ RunTime:0.000464s ]
INFO: [ app_begin ] --END-- [ RunTime:0.000509s ]
SQL: SHOW COLUMNS FROM `think_gallery` [ RunTime:0.0006s ]
NOTIC: [2] Invalid argument supplied for foreach() /home/adlsh/public_html/ThinkPHP/Library/Think/Db/Driver.class.php 第 504 行.
SQL: SELECT COUNT(*) AS tp_count FROM `think_gallery` LIMIT 1   [ RunTime:0.0024s ]
NOTIC: [2] Invalid argument supplied for foreach() /home/adlsh/public_html/ThinkPHP/Library/Think/Db/Driver.class.php 第 504 行.
SQL: SELECT * FROM `think_gallery` ORDER BY id desc LIMIT 390,30   [ RunTime:0.0006s ]
INFO: [ view_parse ] --START--
INFO: [ template_filter ] --START--
INFO: Run Behavior\ContentReplaceBehavior [ RunTime:0.000047s ]
INFO: [ template_filter ] --END-- [ RunTime:0.000099s ]
NOTIC: [8] Undefined index: user /home/adlsh/public_html/Application/Runtime/Cache/Home/dfcf2cd9cf6b646e145d81de9c56bc96.php 第 41 行.
NOTIC: [8] Undefined index: user /home/adlsh/public_html/Application/Runtime/Cache/Home/dfcf2cd9cf6b646e145d81de9c56bc96.php 第 46 行.
INFO: Run Behavior\ParseTemplateBehavior [ RunTime:0.007132s ]
INFO: [ view_parse ] --END-- [ RunTime:0.007180s ]
INFO: [ view_filter ] --START--
INFO: Run Behavior\WriteHtmlCacheBehavior [ RunTime:0.000146s ]
INFO: [ view_filter ] --END-- [ RunTime:0.000181s ]
INFO: [ app_end ] --START--
INFO: Run Behavior\ShowPageTraceBehavior [ RunTime:0.000419s ]
INFO: [ app_end ] --END-- [ RunTime:0.000467s ]

[ 2018-02-22T17:27:12+08:00 ] 88.198.0.163 /index.php/Home/Gallery/show_img/p/15.html
INFO: [ app_init ] --START--
INFO: Run Behavior\BuildLiteBehavior [ RunTime:0.000014s ]
INFO: [ app_init ] --END-- [ RunTime:0.000314s ]
INFO: [ app_begin ] --START--
INFO: Run Behavior\ReadHtmlCacheBehavior [ RunTime:0.000428s ]
INFO: [ app_begin ] --END-- [ RunTime:0.000472s ]
SQL: SHOW COLUMNS FROM `think_gallery` [ RunTime:0.0007s ]
NOTIC: [2] Invalid argument supplied for foreach() /home/adlsh/public_html/ThinkPHP/Library/Think/Db/Driver.class.php 第 504 行.
SQL: SELECT COUNT(*) AS tp_count FROM `think_gallery` LIMIT 1   [ RunTime:0.0023s ]
NOTIC: [2] Invalid argument supplied for foreach() /home/adlsh/public_html/ThinkPHP/Library/Think/Db/Driver.class.php 第 504 行.
SQL: SELECT * FROM `think_gallery` ORDER BY id desc LIMIT 420,30   [ RunTime:0.0005s ]
INFO: [ view_parse ] --START--
INFO: [ template_filter ] --START--
INFO: Run Behavior\ContentReplaceBehavior [ RunTime:0.000046s ]
INFO: [ template_filter ] --END-- [ RunTime:0.000094s ]
NOTIC: [8] Undefined index: user /home/adlsh/public_html/Application/Runtime/Cache/Home/dfcf2cd9cf6b646e145d81de9c56bc96.php 第 41 行.
NOTIC: [8] Undefined index: user /home/adlsh/public_html/Application/Runtime/Cache/Home/dfcf2cd9cf6b646e145d81de9c56bc96.php 第 46 行.
INFO: Run Behavior\ParseTemplateBehavior [ RunTime:0.007289s ]
INFO: [ view_parse ] --END-- [ RunTime:0.007336s ]
INFO: [ view_filter ] --START--
INFO: Run Behavior\WriteHtmlCacheBehavior [ RunTime:0.000141s ]
INFO: [ view_filter ] --END-- [ RunTime:0.000175s ]
INFO: [ app_end ] --START--
INFO: Run Behavior\ShowPageTraceBehavior [ RunTime:0.000441s ]
INFO: [ app_end ] --END-- [ RunTime:0.000486s ]

[ 2018-02-22T17:27:14+08:00 ] 88.198.0.163 /index.php/Home/Gallery/show_img/p/16.html
INFO: [ app_init ] --START--
INFO: Run Behavior\BuildLiteBehavior [ RunTime:0.000017s ]
INFO: [ app_init ] --END-- [ RunTime:0.000323s ]
INFO: [ app_begin ] --START--
INFO: Run Behavior\ReadHtmlCacheBehavior [ RunTime:0.000415s ]
INFO: [ app_begin ] --END-- [ RunTime:0.000461s ]
SQL: SHOW COLUMNS FROM `think_gallery` [ RunTime:0.0008s ]
NOTIC: [2] Invalid argument supplied for foreach() /home/adlsh/public_html/ThinkPHP/Library/Think/Db/Driver.class.php 第 504 行.
SQL: SELECT COUNT(*) AS tp_count FROM `think_gallery` LIMIT 1   [ RunTime:0.0029s ]
NOTIC: [2] Invalid argument supplied for foreach() /home/adlsh/public_html/ThinkPHP/Library/Think/Db/Driver.class.php 第 504 行.
SQL: SELECT * FROM `think_gallery` ORDER BY id desc LIMIT 450,30   [ RunTime:0.0013s ]
INFO: [ view_parse ] --START--
INFO: [ template_filter ] --START--
INFO: Run Behavior\ContentReplaceBehavior [ RunTime:0.000049s ]
INFO: [ template_filter ] --END-- [ RunTime:0.000111s ]
NOTIC: [8] Undefined index: user /home/adlsh/public_html/Application/Runtime/Cache/Home/dfcf2cd9cf6b646e145d81de9c56bc96.php 第 41 行.
NOTIC: [8] Undefined index: user /home/adlsh/public_html/Application/Runtime/Cache/Home/dfcf2cd9cf6b646e145d81de9c56bc96.php 第 46 行.
INFO: Run Behavior\ParseTemplateBehavior [ RunTime:0.007519s ]
INFO: [ view_parse ] --END-- [ RunTime:0.007567s ]
INFO: [ view_filter ] --START--
INFO: Run Behavior\WriteHtmlCacheBehavior [ RunTime:0.000170s ]
INFO: [ view_filter ] --END-- [ RunTime:0.000206s ]
INFO: [ app_end ] --START--
INFO: Run Behavior\ShowPageTraceBehavior [ RunTime:0.000450s ]
INFO: [ app_end ] --END-- [ RunTime:0.000494s ]

[ 2018-02-22T17:27:16+08:00 ] 88.198.0.163 /index.php/Home/Gallery/show_img/p/352.html
INFO: [ app_init ] --START--
INFO: Run Behavior\BuildLiteBehavior [ RunTime:0.000014s ]
INFO: [ app_init ] --END-- [ RunTime:0.000315s ]
INFO: [ app_begin ] --START--
INFO: Run Behavior\ReadHtmlCacheBehavior [ RunTime:0.000396s ]
INFO: [ app_begin ] --END-- [ RunTime:0.000441s ]
SQL: SHOW COLUMNS FROM `think_gallery` [ RunTime:0.0008s ]
NOTIC: [2] Invalid argument supplied for foreach() /home/adlsh/public_html/ThinkPHP/Library/Think/Db/Driver.class.php 第 504 行.
SQL: SELECT COUNT(*) AS tp_count FROM `think_gallery` LIMIT 1   [ RunTime:0.0042s ]
NOTIC: [2] Invalid argument supplied for foreach() /home/adlsh/public_html/ThinkPHP/Library/Think/Db/Driver.class.php 第 504 行.
SQL: SELECT * FROM `think_gallery` ORDER BY id desc LIMIT 10530,30   [ RunTime:0.0452s ]
INFO: [ view_parse ] --START--
INFO: [ template_filter ] --START--
INFO: Run Behavior\ContentReplaceBehavior [ RunTime:0.000049s ]
INFO: [ template_filter ] --END-- [ RunTime:0.000098s ]
NOTIC: [8] Undefined index: user /home/adlsh/public_html/Application/Runtime/Cache/Home/dfcf2cd9cf6b646e145d81de9c56bc96.php 第 41 行.
NOTIC: [8] Undefined index: user /home/adlsh/public_html/Application/Runtime/Cache/Home/dfcf2cd9cf6b646e145d81de9c56bc96.php 第 46 行.
INFO: Run Behavior\ParseTemplateBehavior [ RunTime:0.007257s ]
INFO: [ view_parse ] --END-- [ RunTime:0.007316s ]
INFO: [ view_filter ] --START--
INFO: Run Behavior\WriteHtmlCacheBehavior [ RunTime:0.000153s ]
INFO: [ view_filter ] --END-- [ RunTime:0.000189s ]
INFO: [ app_end ] --START--
INFO: Run Behavior\ShowPageTraceBehavior [ RunTime:0.000417s ]
INFO: [ app_end ] --END-- [ RunTime:0.000461s ]

[ 2018-02-22T17:27:18+08:00 ] 88.198.0.163 /index.php/Home/Gallery/show_img/p/353.html
INFO: [ app_init ] --START--
INFO: Run Behavior\BuildLiteBehavior [ RunTime:0.000017s ]
INFO: [ app_init ] --END-- [ RunTime:0.000325s ]
INFO: [ app_begin ] --START--
INFO: Run Behavior\ReadHtmlCacheBehavior [ RunTime:0.000403s ]
INFO: [ app_begin ] --END-- [ RunTime:0.000448s ]
SQL: SHOW COLUMNS FROM `think_gallery` [ RunTime:0.0007s ]
NOTIC: [2] Invalid argument supplied for foreach() /home/adlsh/public_html/ThinkPHP/Library/Think/Db/Driver.class.php 第 504 行.
SQL: SELECT COUNT(*) AS tp_count FROM `think_gallery` LIMIT 1   [ RunTime:0.0045s ]
NOTIC: [2] Invalid argument supplied for foreach() /home/adlsh/public_html/ThinkPHP/Library/Think/Db/Driver.class.php 第 504 行.
SQL: SELECT * FROM `think_gallery` ORDER BY id desc LIMIT 10560,30   [ RunTime:0.0086s ]
INFO: [ view_parse ] --START--
INFO: [ template_filter ] --START--
INFO: Run Behavior\ContentReplaceBehavior [ RunTime:0.000054s ]
INFO: [ template_filter ] --END-- [ RunTime:0.000099s ]
NOTIC: [8] Undefined index: user /home/adlsh/public_html/Application/Runtime/Cache/Home/dfcf2cd9cf6b646e145d81de9c56bc96.php 第 41 行.
NOTIC: [8] Undefined index: user /home/adlsh/public_html/Application/Runtime/Cache/Home/dfcf2cd9cf6b646e145d81de9c56bc96.php 第 46 行.
INFO: Run Behavior\ParseTemplateBehavior [ RunTime:0.007213s ]
INFO: [ view_parse ] --END-- [ RunTime:0.007271s ]
INFO: [ view_filter ] --START--
INFO: Run Behavior\WriteHtmlCacheBehavior [ RunTime:0.000141s ]
INFO: [ view_filter ] --END-- [ RunTime:0.000176s ]
INFO: [ app_end ] --START--
INFO: Run Behavior\ShowPageTraceBehavior [ RunTime:0.000432s ]
INFO: [ app_end ] --END-- [ RunTime:0.000476s ]

[ 2018-02-22T17:27:19+08:00 ] 88.198.0.163 /index.php/Home/Gallery/show_img/p/354.html
INFO: [ app_init ] --START--
INFO: Run Behavior\BuildLiteBehavior [ RunTime:0.000022s ]
INFO: [ app_init ] --END-- [ RunTime:0.000433s ]
INFO: [ app_begin ] --START--
INFO: Run Behavior\ReadHtmlCacheBehavior [ RunTime:0.000531s ]
INFO: [ app_begin ] --END-- [ RunTime:0.000591s ]
SQL: SHOW COLUMNS FROM `think_gallery` [ RunTime:0.0006s ]
NOTIC: [2] Invalid argument supplied for foreach() /home/adlsh/public_html/ThinkPHP/Library/Think/Db/Driver.class.php 第 504 行.
SQL: SELECT COUNT(*) AS tp_count FROM `think_gallery` LIMIT 1   [ RunTime:0.0029s ]
NOTIC: [2] Invalid argument supplied for foreach() /home/adlsh/public_html/ThinkPHP/Library/Think/Db/Driver.class.php 第 504 行.
SQL: SELECT * FROM `think_gallery` ORDER BY id desc LIMIT 10590,30   [ RunTime:0.0060s ]
INFO: [ view_parse ] --START--
INFO: [ template_filter ] --START--
INFO: Run Behavior\ContentReplaceBehavior [ RunTime:0.000066s ]
INFO: [ template_filter ] --END-- [ RunTime:0.000143s ]
NOTIC: [8] Undefined index: user /home/adlsh/public_html/Application/Runtime/Cache/Home/dfcf2cd9cf6b646e145d81de9c56bc96.php 第 41 行.
NOTIC: [8] Undefined index: user /home/adlsh/public_html/Application/Runtime/Cache/Home/dfcf2cd9cf6b646e145d81de9c56bc96.php 第 46 行.
INFO: Run Behavior\ParseTemplateBehavior [ RunTime:0.009776s ]
INFO: [ view_parse ] --END-- [ RunTime:0.009853s ]
INFO: [ view_filter ] --START--
INFO: Run Behavior\WriteHtmlCacheBehavior [ RunTime:0.000191s ]
INFO: [ view_filter ] --END-- [ RunTime:0.000247s ]
INFO: [ app_end ] --START--
INFO: Run Behavior\ShowPageTraceBehavior [ RunTime:0.000558s ]
INFO: [ app_end ] --END-- [ RunTime:0.000616s ]

[ 2018-02-22T17:27:21+08:00 ] 88.198.0.163 /index.php/Home/Gallery/show_img/p/355.html
INFO: [ app_init ] --START--
INFO: Run Behavior\BuildLiteBehavior [ RunTime:0.000015s ]
INFO: [ app_init ] --END-- [ RunTime:0.000322s ]
INFO: [ app_begin ] --START--
INFO: Run Behavior\ReadHtmlCacheBehavior [ RunTime:0.000393s ]
INFO: [ app_begin ] --END-- [ RunTime:0.000441s ]
SQL: SHOW COLUMNS FROM `think_gallery` [ RunTime:0.0008s ]
NOTIC: [2] Invalid argument supplied for foreach() /home/adlsh/public_html/ThinkPHP/Library/Think/Db/Driver.class.php 第 504 行.
SQL: SELECT COUNT(*) AS tp_count FROM `think_gallery` LIMIT 1   [ RunTime:0.0024s ]
NOTIC: [2] Invalid argument supplied for foreach() /home/adlsh/public_html/ThinkPHP/Library/Think/Db/Driver.class.php 第 504 行.
SQL: SELECT * FROM `think_gallery` ORDER BY id desc LIMIT 10620,30   [ RunTime:0.0060s ]
INFO: [ view_parse ] --START--
INFO: [ template_filter ] --START--
INFO: Run Behavior\ContentReplaceBehavior [ RunTime:0.000047s ]
INFO: [ template_filter ] --END-- [ RunTime:0.000098s ]
NOTIC: [8] Undefined index: user /home/adlsh/public_html/Application/Runtime/Cache/Home/dfcf2cd9cf6b646e145d81de9c56bc96.php 第 41 行.
NOTIC: [8] Undefined index: user /home/adlsh/public_html/Application/Runtime/Cache/Home/dfcf2cd9cf6b646e145d81de9c56bc96.php 第 46 行.
INFO: Run Behavior\ParseTemplateBehavior [ RunTime:0.007103s ]
INFO: [ view_parse ] --END-- [ RunTime:0.007168s ]
INFO: [ view_filter ] --START--
INFO: Run Behavior\WriteHtmlCacheBehavior [ RunTime:0.000143s ]
INFO: [ view_filter ] --END-- [ RunTime:0.000177s ]
INFO: [ app_end ] --START--
INFO: Run Behavior\ShowPageTraceBehavior [ RunTime:0.000411s ]
INFO: [ app_end ] --END-- [ RunTime:0.000456s ]

[ 2018-02-22T17:27:23+08:00 ] 88.198.0.163 /index.php/Home/Gallery/show_img/p/356.html
INFO: [ app_init ] --START--
INFO: Run Behavior\BuildLiteBehavior [ RunTime:0.000019s ]
INFO: [ app_init ] --END-- [ RunTime:0.000354s ]
INFO: [ app_begin ] --START--
INFO: Run Behavior\ReadHtmlCacheBehavior [ RunTime:0.000401s ]
INFO: [ app_begin ] --END-- [ RunTime:0.000446s ]
SQL: SHOW COLUMNS FROM `think_gallery` [ RunTime:0.0008s ]
NOTIC: [2] Invalid argument supplied for foreach() /home/adlsh/public_html/ThinkPHP/Library/Think/Db/Driver.class.php 第 504 行.
SQL: SELECT COUNT(*) AS tp_count FROM `think_gallery` LIMIT 1   [ RunTime:0.0043s ]
NOTIC: [2] Invalid argument supplied for foreach() /home/adlsh/public_html/ThinkPHP/Library/Think/Db/Driver.class.php 第 504 行.
SQL: SELECT * FROM `think_gallery` ORDER BY id desc LIMIT 10650,30   [ RunTime:0.0086s ]
INFO: [ view_parse ] --START--
INFO: [ template_filter ] --START--
INFO: Run Behavior\ContentReplaceBehavior [ RunTime:0.000049s ]
INFO: [ template_filter ] --END-- [ RunTime:0.000104s ]
NOTIC: [8] Undefined index: user /home/adlsh/public_html/Application/Runtime/Cache/Home/dfcf2cd9cf6b646e145d81de9c56bc96.php 第 41 行.
NOTIC: [8] Undefined index: user /home/adlsh/public_html/Application/Runtime/Cache/Home/dfcf2cd9cf6b646e145d81de9c56bc96.php 第 46 行.
INFO: Run Behavior\ParseTemplateBehavior [ RunTime:0.007426s ]
INFO: [ view_parse ] --END-- [ RunTime:0.007475s ]
INFO: [ view_filter ] --START--
INFO: Run Behavior\WriteHtmlCacheBehavior [ RunTime:0.000154s ]
INFO: [ view_filter ] --END-- [ RunTime:0.000190s ]
INFO: [ app_end ] --START--
INFO: Run Behavior\ShowPageTraceBehavior [ RunTime:0.000440s ]
INFO: [ app_end ] --END-- [ RunTime:0.000486s ]

[ 2018-02-22T17:27:25+08:00 ] 88.198.0.163 /index.php/Home/Gallery/show_img/p/357.html
INFO: [ app_init ] --START--
INFO: Run Behavior\BuildLiteBehavior [ RunTime:0.000015s ]
INFO: [ app_init ] --END-- [ RunTime:0.000339s ]
INFO: [ app_begin ] --START--
INFO: Run Behavior\ReadHtmlCacheBehavior [ RunTime:0.000383s ]
INFO: [ app_begin ] --END-- [ RunTime:0.000428s ]
SQL: SHOW COLUMNS FROM `think_gallery` [ RunTime:0.0012s ]
NOTIC: [2] Invalid argument supplied for foreach() /home/adlsh/public_html/ThinkPHP/Library/Think/Db/Driver.class.php 第 504 行.
SQL: SELECT COUNT(*) AS tp_count FROM `think_gallery` LIMIT 1   [ RunTime:0.0025s ]
NOTIC: [2] Invalid argument supplied for foreach() /home/adlsh/public_html/ThinkPHP/Library/Think/Db/Driver.class.php 第 504 行.
SQL: SELECT * FROM `think_gallery` ORDER BY id desc LIMIT 10680,30   [ RunTime:0.0066s ]
INFO: [ view_parse ] --START--
INFO: [ template_filter ] --START--
INFO: Run Behavior\ContentReplaceBehavior [ RunTime:0.000060s ]
INFO: [ template_filter ] --END-- [ RunTime:0.000123s ]
NOTIC: [8] Undefined index: user /home/adlsh/public_html/Application/Runtime/Cache/Home/dfcf2cd9cf6b646e145d81de9c56bc96.php 第 41 行.
NOTIC: [8] Undefined index: user /home/adlsh/public_html/Application/Runtime/Cache/Home/dfcf2cd9cf6b646e145d81de9c56bc96.php 第 46 行.
INFO: Run Behavior\ParseTemplateBehavior [ RunTime:0.007715s ]
INFO: [ view_parse ] --END-- [ RunTime:0.007789s ]
INFO: [ view_filter ] --START--
INFO: Run Behavior\WriteHtmlCacheBehavior [ RunTime:0.000149s ]
INFO: [ view_filter ] --END-- [ RunTime:0.000184s ]
INFO: [ app_end ] --START--
INFO: Run Behavior\ShowPageTraceBehavior [ RunTime:0.000432s ]
INFO: [ app_end ] --END-- [ RunTime:0.000479s ]

[ 2018-02-22T17:27:26+08:00 ] 88.198.0.163 /index.php/Home/Gallery/show_img/p/358.html
INFO: [ app_init ] --START--
INFO: Run Behavior\BuildLiteBehavior [ RunTime:0.000018s ]
INFO: [ app_init ] --END-- [ RunTime:0.000331s ]
INFO: [ app_begin ] --START--
INFO: Run Behavior\ReadHtmlCacheBehavior [ RunTime:0.000400s ]
INFO: [ app_begin ] --END-- [ RunTime:0.000444s ]
SQL: SHOW COLUMNS FROM `think_gallery` [ RunTime:0.0008s ]
NOTIC: [2] Invalid argument supplied for foreach() /home/adlsh/public_html/ThinkPHP/Library/Think/Db/Driver.class.php 第 504 行.
SQL: SELECT COUNT(*) AS tp_count FROM `think_gallery` LIMIT 1   [ RunTime:0.0040s ]
NOTIC: [2] Invalid argument supplied for foreach() /home/adlsh/public_html/ThinkPHP/Library/Think/Db/Driver.class.php 第 504 行.
SQL: SELECT * FROM `think_gallery` ORDER BY id desc LIMIT 10710,30   [ RunTime:0.0066s ]
INFO: [ view_parse ] --START--
INFO: [ template_filter ] --START--
INFO: Run Behavior\ContentReplaceBehavior [ RunTime:0.000054s ]
INFO: [ template_filter ] --END-- [ RunTime:0.000109s ]
NOTIC: [8] Undefined index: user /home/adlsh/public_html/Application/Runtime/Cache/Home/dfcf2cd9cf6b646e145d81de9c56bc96.php 第 41 行.
NOTIC: [8] Undefined index: user /home/adlsh/public_html/Application/Runtime/Cache/Home/dfcf2cd9cf6b646e145d81de9c56bc96.php 第 46 行.
INFO: Run Behavior\ParseTemplateBehavior [ RunTime:0.007526s ]
INFO: [ view_parse ] --END-- [ RunTime:0.007583s ]
INFO: [ view_filter ] --START--
INFO: Run Behavior\WriteHtmlCacheBehavior [ RunTime:0.000155s ]
INFO: [ view_filter ] --END-- [ RunTime:0.000191s ]
INFO: [ app_end ] --START--
INFO: Run Behavior\ShowPageTraceBehavior [ RunTime:0.000434s ]
INFO: [ app_end ] --END-- [ RunTime:0.000479s ]

[ 2018-02-22T17:27:28+08:00 ] 88.198.0.163 /index.php/Home/Gallery/show_img/p/359.html
INFO: [ app_init ] --START--
INFO: Run Behavior\BuildLiteBehavior [ RunTime:0.000017s ]
INFO: [ app_init ] --END-- [ RunTime:0.000340s ]
INFO: [ app_begin ] --START--
INFO: Run Behavior\ReadHtmlCacheBehavior [ RunTime:0.000390s ]
INFO: [ app_begin ] --END-- [ RunTime:0.000442s ]
SQL: SHOW COLUMNS FROM `think_gallery` [ RunTime:0.0006s ]
NOTIC: [2] Invalid argument supplied for foreach() /home/adlsh/public_html/ThinkPHP/Library/Think/Db/Driver.class.php 第 504 行.
SQL: SELECT COUNT(*) AS tp_count FROM `think_gallery` LIMIT 1   [ RunTime:0.0024s ]
NOTIC: [2] Invalid argument supplied for foreach() /home/adlsh/public_html/ThinkPHP/Library/Think/Db/Driver.class.php 第 504 行.
SQL: SELECT * FROM `think_gallery` ORDER BY id desc LIMIT 10740,30   [ RunTime:0.0074s ]
INFO: [ view_parse ] --START--
INFO: [ template_filter ] --START--
INFO: Run Behavior\ContentReplaceBehavior [ RunTime:0.000048s ]
INFO: [ template_filter ] --END-- [ RunTime:0.000102s ]
NOTIC: [8] Undefined index: user /home/adlsh/public_html/Application/Runtime/Cache/Home/dfcf2cd9cf6b646e145d81de9c56bc96.php 第 41 行.
NOTIC: [8] Undefined index: user /home/adlsh/public_html/Application/Runtime/Cache/Home/dfcf2cd9cf6b646e145d81de9c56bc96.php 第 46 行.
INFO: Run Behavior\ParseTemplateBehavior [ RunTime:0.007329s ]
INFO: [ view_parse ] --END-- [ RunTime:0.007390s ]
INFO: [ view_filter ] --START--
INFO: Run Behavior\WriteHtmlCacheBehavior [ RunTime:0.000163s ]
INFO: [ view_filter ] --END-- [ RunTime:0.000197s ]
INFO: [ app_end ] --START--
INFO: Run Behavior\ShowPageTraceBehavior [ RunTime:0.000415s ]
INFO: [ app_end ] --END-- [ RunTime:0.000460s ]

[ 2018-02-22T17:27:30+08:00 ] 88.198.0.163 /index.php/Home/Gallery/show_img/p/360.html
INFO: [ app_init ] --START--
INFO: Run Behavior\BuildLiteBehavior [ RunTime:0.000019s ]
INFO: [ app_init ] --END-- [ RunTime:0.000338s ]
INFO: [ app_begin ] --START--
INFO: Run Behavior\ReadHtmlCacheBehavior [ RunTime:0.000395s ]
INFO: [ app_begin ] --END-- [ RunTime:0.000439s ]
SQL: SHOW COLUMNS FROM `think_gallery` [ RunTime:0.0005s ]
NOTIC: [2] Invalid argument supplied for foreach() /home/adlsh/public_html/ThinkPHP/Library/Think/Db/Driver.class.php 第 504 行.
SQL: SELECT COUNT(*) AS tp_count FROM `think_gallery` LIMIT 1   [ RunTime:0.0024s ]
NOTIC: [2] Invalid argument supplied for foreach() /home/adlsh/public_html/ThinkPHP/Library/Think/Db/Driver.class.php 第 504 行.
SQL: SELECT * FROM `think_gallery` ORDER BY id desc LIMIT 10770,30   [ RunTime:0.0080s ]
INFO: [ view_parse ] --START--
INFO: [ template_filter ] --START--
INFO: Run Behavior\ContentReplaceBehavior [ RunTime:0.000046s ]
INFO: [ template_filter ] --END-- [ RunTime:0.000097s ]
NOTIC: [8] Undefined index: user /home/adlsh/public_html/Application/Runtime/Cache/Home/dfcf2cd9cf6b646e145d81de9c56bc96.php 第 41 行.
NOTIC: [8] Undefined index: user /home/adlsh/public_html/Application/Runtime/Cache/Home/dfcf2cd9cf6b646e145d81de9c56bc96.php 第 46 行.
INFO: Run Behavior\ParseTemplateBehavior [ RunTime:0.007328s ]
INFO: [ view_parse ] --END-- [ RunTime:0.007396s ]
INFO: [ view_filter ] --START--
INFO: Run Behavior\WriteHtmlCacheBehavior [ RunTime:0.000179s ]
INFO: [ view_filter ] --END-- [ RunTime:0.000215s ]
INFO: [ app_end ] --START--
INFO: Run Behavior\ShowPageTraceBehavior [ RunTime:0.000434s ]
INFO: [ app_end ] --END-- [ RunTime:0.000479s ]

[ 2018-02-22T17:27:31+08:00 ] 88.198.0.163 /index.php/Home/Gallery/show_img/p/361.html
INFO: [ app_init ] --START--
INFO: Run Behavior\BuildLiteBehavior [ RunTime:0.000017s ]
INFO: [ app_init ] --END-- [ RunTime:0.000350s ]
INFO: [ app_begin ] --START--
INFO: Run Behavior\ReadHtmlCacheBehavior [ RunTime:0.000395s ]
INFO: [ app_begin ] --END-- [ RunTime:0.000450s ]
SQL: SHOW COLUMNS FROM `think_gallery` [ RunTime:0.0009s ]
NOTIC: [2] Invalid argument supplied for foreach() /home/adlsh/public_html/ThinkPHP/Library/Think/Db/Driver.class.php 第 504 行.
SQL: SELECT COUNT(*) AS tp_count FROM `think_gallery` LIMIT 1   [ RunTime:0.0041s ]
NOTIC: [2] Invalid argument supplied for foreach() /home/adlsh/public_html/ThinkPHP/Library/Think/Db/Driver.class.php 第 504 行.
SQL: SELECT * FROM `think_gallery` ORDER BY id desc LIMIT 10800,30   [ RunTime:0.0105s ]
INFO: [ view_parse ] --START--
INFO: [ template_filter ] --START--
INFO: Run Behavior\ContentReplaceBehavior [ RunTime:0.000050s ]
INFO: [ template_filter ] --END-- [ RunTime:0.000116s ]
NOTIC: [8] Undefined index: user /home/adlsh/public_html/Application/Runtime/Cache/Home/dfcf2cd9cf6b646e145d81de9c56bc96.php 第 41 行.
NOTIC: [8] Undefined index: user /home/adlsh/public_html/Application/Runtime/Cache/Home/dfcf2cd9cf6b646e145d81de9c56bc96.php 第 46 行.
INFO: Run Behavior\ParseTemplateBehavior [ RunTime:0.009012s ]
INFO: [ view_parse ] --END-- [ RunTime:0.009082s ]
INFO: [ view_filter ] --START--
INFO: Run Behavior\WriteHtmlCacheBehavior [ RunTime:0.000159s ]
INFO: [ view_filter ] --END-- [ RunTime:0.000195s ]
INFO: [ app_end ] --START--
INFO: Run Behavior\ShowPageTraceBehavior [ RunTime:0.000433s ]
INFO: [ app_end ] --END-- [ RunTime:0.000477s ]

