[ 2018-02-21T02:15:27+08:00 ] 13.56.229.65 /
INFO: [ app_init ] --START--
INFO: Run Behavior\BuildLiteBehavior [ RunTime:0.000026s ]
INFO: [ app_init ] --END-- [ RunTime:0.004161s ]
INFO: [ app_begin ] --START--
INFO: Run Behavior\ReadHtmlCacheBehavior [ RunTime:0.006889s ]
INFO: [ app_begin ] --END-- [ RunTime:0.006941s ]
INFO: [ view_parse ] --START--
INFO: [ template_filter ] --START--
INFO: Run Behavior\ContentReplaceBehavior [ RunTime:0.000079s ]
INFO: [ template_filter ] --END-- [ RunTime:0.000180s ]
NOTIC: [8] Undefined index: user /home/adlsh/public_html/Application/Runtime/Cache/Home/51f56f8f375e1b2493439729eff22748.php 第 42 行.
NOTIC: [8] Undefined index: user /home/adlsh/public_html/Application/Runtime/Cache/Home/51f56f8f375e1b2493439729eff22748.php 第 47 行.
INFO: Run Behavior\ParseTemplateBehavior [ RunTime:0.104942s ]
INFO: [ view_parse ] --END-- [ RunTime:0.105012s ]
INFO: [ view_filter ] --START--
INFO: Run Behavior\WriteHtmlCacheBehavior [ RunTime:0.014447s ]
INFO: [ view_filter ] --END-- [ RunTime:0.014543s ]
INFO: [ app_end ] --START--
INFO: Run Behavior\ShowPageTraceBehavior [ RunTime:0.024055s ]
INFO: [ app_end ] --END-- [ RunTime:0.024231s ]

[ 2018-02-21T16:03:56+08:00 ] 66.249.79.33 /
INFO: [ app_init ] --START--
INFO: Run Behavior\BuildLiteBehavior [ RunTime:0.000029s ]
INFO: [ app_init ] --END-- [ RunTime:0.000961s ]
INFO: [ app_begin ] --START--
INFO: Run Behavior\ReadHtmlCacheBehavior [ RunTime:0.000881s ]
INFO: [ app_begin ] --END-- [ RunTime:0.000976s ]
INFO: [ view_parse ] --START--
INFO: [ template_filter ] --START--
INFO: Run Behavior\ContentReplaceBehavior [ RunTime:0.000065s ]
INFO: [ template_filter ] --END-- [ RunTime:0.000174s ]
NOTIC: [8] Undefined index: user /home/adlsh/public_html/Application/Runtime/Cache/Home/51f56f8f375e1b2493439729eff22748.php 第 42 行.
NOTIC: [8] Undefined index: user /home/adlsh/public_html/Application/Runtime/Cache/Home/51f56f8f375e1b2493439729eff22748.php 第 47 行.
INFO: Run Behavior\ParseTemplateBehavior [ RunTime:0.098656s ]
INFO: [ view_parse ] --END-- [ RunTime:0.098709s ]
INFO: [ view_filter ] --START--
INFO: Run Behavior\WriteHtmlCacheBehavior [ RunTime:0.022395s ]
INFO: [ view_filter ] --END-- [ RunTime:0.022501s ]
INFO: [ app_end ] --START--
INFO: Run Behavior\ShowPageTraceBehavior [ RunTime:0.013244s ]
INFO: [ app_end ] --END-- [ RunTime:0.013321s ]

[ 2018-02-21T17:13:50+08:00 ] 62.210.101.104 /index.php/Home/Articles/show_articles/p/10.html
INFO: [ app_init ] --START--
INFO: Run Behavior\BuildLiteBehavior [ RunTime:0.000024s ]
INFO: [ app_init ] --END-- [ RunTime:0.000649s ]
INFO: [ app_begin ] --START--
INFO: Run Behavior\ReadHtmlCacheBehavior [ RunTime:0.000684s ]
INFO: [ app_begin ] --END-- [ RunTime:0.000768s ]
SQL: SHOW COLUMNS FROM `think_articles` [ RunTime:0.0018s ]
NOTIC: [2] Invalid argument supplied for foreach() /home/adlsh/public_html/ThinkPHP/Library/Think/Db/Driver.class.php 第 504 行.
SQL: SELECT COUNT(*) AS tp_count FROM `think_articles` LIMIT 1   [ RunTime:0.0011s ]
NOTIC: [2] Invalid argument supplied for foreach() /home/adlsh/public_html/ThinkPHP/Library/Think/Db/Driver.class.php 第 504 行.
SQL: SELECT * FROM `think_articles` ORDER BY id desc LIMIT 54,6   [ RunTime:0.0294s ]
INFO: [ view_parse ] --START--
INFO: [ template_filter ] --START--
INFO: Run Behavior\ContentReplaceBehavior [ RunTime:0.000064s ]
INFO: [ template_filter ] --END-- [ RunTime:0.000129s ]
NOTIC: [8] Undefined index: user /home/adlsh/public_html/Application/Runtime/Cache/Home/488f29f85e04ce1b07cdd2e6e11d3c70.php 第 44 行.
NOTIC: [8] Undefined index: user /home/adlsh/public_html/Application/Runtime/Cache/Home/488f29f85e04ce1b07cdd2e6e11d3c70.php 第 49 行.
INFO: Run Behavior\ParseTemplateBehavior [ RunTime:0.272259s ]
INFO: [ view_parse ] --END-- [ RunTime:0.272341s ]
INFO: [ view_filter ] --START--
INFO: Run Behavior\WriteHtmlCacheBehavior [ RunTime:0.032110s ]
INFO: [ view_filter ] --END-- [ RunTime:0.032210s ]
INFO: [ app_end ] --START--
INFO: Run Behavior\ShowPageTraceBehavior [ RunTime:0.015012s ]
INFO: [ app_end ] --END-- [ RunTime:0.015121s ]

[ 2018-02-21T17:13:54+08:00 ] 62.210.101.104 /index.php/Home/Articles/show_articles/p/11.html
INFO: [ app_init ] --START--
INFO: Run Behavior\BuildLiteBehavior [ RunTime:0.000017s ]
INFO: [ app_init ] --END-- [ RunTime:0.000381s ]
INFO: [ app_begin ] --START--
INFO: Run Behavior\ReadHtmlCacheBehavior [ RunTime:0.000428s ]
INFO: [ app_begin ] --END-- [ RunTime:0.000487s ]
SQL: SHOW COLUMNS FROM `think_articles` [ RunTime:0.0008s ]
NOTIC: [2] Invalid argument supplied for foreach() /home/adlsh/public_html/ThinkPHP/Library/Think/Db/Driver.class.php 第 504 行.
SQL: SELECT COUNT(*) AS tp_count FROM `think_articles` LIMIT 1   [ RunTime:0.0011s ]
NOTIC: [2] Invalid argument supplied for foreach() /home/adlsh/public_html/ThinkPHP/Library/Think/Db/Driver.class.php 第 504 行.
SQL: SELECT * FROM `think_articles` ORDER BY id desc LIMIT 60,6   [ RunTime:0.0005s ]
INFO: [ view_parse ] --START--
INFO: [ template_filter ] --START--
INFO: Run Behavior\ContentReplaceBehavior [ RunTime:0.000062s ]
INFO: [ template_filter ] --END-- [ RunTime:0.000128s ]
NOTIC: [8] Undefined index: user /home/adlsh/public_html/Application/Runtime/Cache/Home/488f29f85e04ce1b07cdd2e6e11d3c70.php 第 44 行.
NOTIC: [8] Undefined index: user /home/adlsh/public_html/Application/Runtime/Cache/Home/488f29f85e04ce1b07cdd2e6e11d3c70.php 第 49 行.
INFO: Run Behavior\ParseTemplateBehavior [ RunTime:0.010941s ]
INFO: [ view_parse ] --END-- [ RunTime:0.011009s ]
INFO: [ view_filter ] --START--
INFO: Run Behavior\WriteHtmlCacheBehavior [ RunTime:0.000223s ]
INFO: [ view_filter ] --END-- [ RunTime:0.000284s ]
INFO: [ app_end ] --START--
INFO: Run Behavior\ShowPageTraceBehavior [ RunTime:0.000630s ]
INFO: [ app_end ] --END-- [ RunTime:0.000701s ]

[ 2018-02-21T17:14:25+08:00 ] 62.210.101.104 /index.php/Home/Articles/show_articles/p/2.html
INFO: [ app_init ] --START--
INFO: Run Behavior\BuildLiteBehavior [ RunTime:0.000025s ]
INFO: [ app_init ] --END-- [ RunTime:0.000419s ]
INFO: [ app_begin ] --START--
INFO: Run Behavior\ReadHtmlCacheBehavior [ RunTime:0.000611s ]
INFO: [ app_begin ] --END-- [ RunTime:0.000684s ]
SQL: SHOW COLUMNS FROM `think_articles` [ RunTime:0.0010s ]
NOTIC: [2] Invalid argument supplied for foreach() /home/adlsh/public_html/ThinkPHP/Library/Think/Db/Driver.class.php 第 504 行.
SQL: SELECT COUNT(*) AS tp_count FROM `think_articles` LIMIT 1   [ RunTime:0.0014s ]
NOTIC: [2] Invalid argument supplied for foreach() /home/adlsh/public_html/ThinkPHP/Library/Think/Db/Driver.class.php 第 504 行.
SQL: SELECT * FROM `think_articles` ORDER BY id desc LIMIT 6,6   [ RunTime:0.0005s ]
INFO: [ view_parse ] --START--
INFO: [ template_filter ] --START--
INFO: Run Behavior\ContentReplaceBehavior [ RunTime:0.000078s ]
INFO: [ template_filter ] --END-- [ RunTime:0.000170s ]
NOTIC: [8] Undefined index: user /home/adlsh/public_html/Application/Runtime/Cache/Home/488f29f85e04ce1b07cdd2e6e11d3c70.php 第 44 行.
NOTIC: [8] Undefined index: user /home/adlsh/public_html/Application/Runtime/Cache/Home/488f29f85e04ce1b07cdd2e6e11d3c70.php 第 49 行.
INFO: Run Behavior\ParseTemplateBehavior [ RunTime:0.010257s ]
INFO: [ view_parse ] --END-- [ RunTime:0.010323s ]
INFO: [ view_filter ] --START--
INFO: Run Behavior\WriteHtmlCacheBehavior [ RunTime:0.000226s ]
INFO: [ view_filter ] --END-- [ RunTime:0.000284s ]
INFO: [ app_end ] --START--
INFO: Run Behavior\ShowPageTraceBehavior [ RunTime:0.000576s ]
INFO: [ app_end ] --END-- [ RunTime:0.000650s ]

[ 2018-02-21T17:16:42+08:00 ] 62.210.101.104 /index.php/Home/Articles/show_articles/p/3.html
INFO: [ app_init ] --START--
INFO: Run Behavior\BuildLiteBehavior [ RunTime:0.000016s ]
INFO: [ app_init ] --END-- [ RunTime:0.000341s ]
INFO: [ app_begin ] --START--
INFO: Run Behavior\ReadHtmlCacheBehavior [ RunTime:0.000423s ]
INFO: [ app_begin ] --END-- [ RunTime:0.000468s ]
SQL: SHOW COLUMNS FROM `think_articles` [ RunTime:0.0007s ]
NOTIC: [2] Invalid argument supplied for foreach() /home/adlsh/public_html/ThinkPHP/Library/Think/Db/Driver.class.php 第 504 行.
SQL: SELECT COUNT(*) AS tp_count FROM `think_articles` LIMIT 1   [ RunTime:0.0008s ]
NOTIC: [2] Invalid argument supplied for foreach() /home/adlsh/public_html/ThinkPHP/Library/Think/Db/Driver.class.php 第 504 行.
SQL: SELECT * FROM `think_articles` ORDER BY id desc LIMIT 12,6   [ RunTime:0.0010s ]
INFO: [ view_parse ] --START--
INFO: [ template_filter ] --START--
INFO: Run Behavior\ContentReplaceBehavior [ RunTime:0.000081s ]
INFO: [ template_filter ] --END-- [ RunTime:0.000166s ]
NOTIC: [8] Undefined index: user /home/adlsh/public_html/Application/Runtime/Cache/Home/488f29f85e04ce1b07cdd2e6e11d3c70.php 第 44 行.
NOTIC: [8] Undefined index: user /home/adlsh/public_html/Application/Runtime/Cache/Home/488f29f85e04ce1b07cdd2e6e11d3c70.php 第 49 行.
INFO: Run Behavior\ParseTemplateBehavior [ RunTime:0.011673s ]
INFO: [ view_parse ] --END-- [ RunTime:0.011740s ]
INFO: [ view_filter ] --START--
INFO: Run Behavior\WriteHtmlCacheBehavior [ RunTime:0.000223s ]
INFO: [ view_filter ] --END-- [ RunTime:0.000278s ]
INFO: [ app_end ] --START--
INFO: Run Behavior\ShowPageTraceBehavior [ RunTime:0.000607s ]
INFO: [ app_end ] --END-- [ RunTime:0.000680s ]

[ 2018-02-21T18:20:04+08:00 ] 62.210.101.104 /index.php/Home/Articles/show_articles/p/339.html
INFO: [ app_init ] --START--
INFO: Run Behavior\BuildLiteBehavior [ RunTime:0.000036s ]
INFO: [ app_init ] --END-- [ RunTime:0.001082s ]
INFO: [ app_begin ] --START--
INFO: Run Behavior\ReadHtmlCacheBehavior [ RunTime:0.000990s ]
INFO: [ app_begin ] --END-- [ RunTime:0.001094s ]
SQL: SHOW COLUMNS FROM `think_articles` [ RunTime:0.0036s ]
NOTIC: [2] Invalid argument supplied for foreach() /home/adlsh/public_html/ThinkPHP/Library/Think/Db/Driver.class.php 第 504 行.
SQL: SELECT COUNT(*) AS tp_count FROM `think_articles` LIMIT 1   [ RunTime:0.0009s ]
NOTIC: [2] Invalid argument supplied for foreach() /home/adlsh/public_html/ThinkPHP/Library/Think/Db/Driver.class.php 第 504 行.
SQL: SELECT * FROM `think_articles` ORDER BY id desc LIMIT 2028,6   [ RunTime:0.0892s ]
INFO: [ view_parse ] --START--
INFO: [ template_filter ] --START--
INFO: Run Behavior\ContentReplaceBehavior [ RunTime:0.000081s ]
INFO: [ template_filter ] --END-- [ RunTime:0.000167s ]
NOTIC: [8] Undefined index: user /home/adlsh/public_html/Application/Runtime/Cache/Home/488f29f85e04ce1b07cdd2e6e11d3c70.php 第 44 行.
NOTIC: [8] Undefined index: user /home/adlsh/public_html/Application/Runtime/Cache/Home/488f29f85e04ce1b07cdd2e6e11d3c70.php 第 49 行.
INFO: Run Behavior\ParseTemplateBehavior [ RunTime:0.214559s ]
INFO: [ view_parse ] --END-- [ RunTime:0.214625s ]
INFO: [ view_filter ] --START--
INFO: Run Behavior\WriteHtmlCacheBehavior [ RunTime:0.015354s ]
INFO: [ view_filter ] --END-- [ RunTime:0.015426s ]
INFO: [ app_end ] --START--
INFO: Run Behavior\ShowPageTraceBehavior [ RunTime:0.048407s ]
INFO: [ app_end ] --END-- [ RunTime:0.048515s ]

[ 2018-02-21T18:20:06+08:00 ] 62.210.101.104 /index.php/Home/Articles/show_articles/p/4.html
INFO: [ app_init ] --START--
INFO: Run Behavior\BuildLiteBehavior [ RunTime:0.000016s ]
INFO: [ app_init ] --END-- [ RunTime:0.000326s ]
INFO: [ app_begin ] --START--
INFO: Run Behavior\ReadHtmlCacheBehavior [ RunTime:0.000403s ]
INFO: [ app_begin ] --END-- [ RunTime:0.000447s ]
SQL: SHOW COLUMNS FROM `think_articles` [ RunTime:0.0009s ]
NOTIC: [2] Invalid argument supplied for foreach() /home/adlsh/public_html/ThinkPHP/Library/Think/Db/Driver.class.php 第 504 行.
SQL: SELECT COUNT(*) AS tp_count FROM `think_articles` LIMIT 1   [ RunTime:0.0014s ]
NOTIC: [2] Invalid argument supplied for foreach() /home/adlsh/public_html/ThinkPHP/Library/Think/Db/Driver.class.php 第 504 行.
SQL: SELECT * FROM `think_articles` ORDER BY id desc LIMIT 18,6   [ RunTime:0.0005s ]
INFO: [ view_parse ] --START--
INFO: [ template_filter ] --START--
INFO: Run Behavior\ContentReplaceBehavior [ RunTime:0.000052s ]
INFO: [ template_filter ] --END-- [ RunTime:0.000104s ]
NOTIC: [8] Undefined index: user /home/adlsh/public_html/Application/Runtime/Cache/Home/488f29f85e04ce1b07cdd2e6e11d3c70.php 第 44 行.
NOTIC: [8] Undefined index: user /home/adlsh/public_html/Application/Runtime/Cache/Home/488f29f85e04ce1b07cdd2e6e11d3c70.php 第 49 行.
INFO: Run Behavior\ParseTemplateBehavior [ RunTime:0.008413s ]
INFO: [ view_parse ] --END-- [ RunTime:0.008459s ]
INFO: [ view_filter ] --START--
INFO: Run Behavior\WriteHtmlCacheBehavior [ RunTime:0.000148s ]
INFO: [ view_filter ] --END-- [ RunTime:0.000187s ]
INFO: [ app_end ] --START--
INFO: Run Behavior\ShowPageTraceBehavior [ RunTime:0.000428s ]
INFO: [ app_end ] --END-- [ RunTime:0.000477s ]

[ 2018-02-21T18:20:08+08:00 ] 62.210.101.104 /index.php/Home/Articles/show_articles/p/5.html
INFO: [ app_init ] --START--
INFO: Run Behavior\BuildLiteBehavior [ RunTime:0.000018s ]
INFO: [ app_init ] --END-- [ RunTime:0.000352s ]
INFO: [ app_begin ] --START--
INFO: Run Behavior\ReadHtmlCacheBehavior [ RunTime:0.000410s ]
INFO: [ app_begin ] --END-- [ RunTime:0.000457s ]
SQL: SHOW COLUMNS FROM `think_articles` [ RunTime:0.0008s ]
NOTIC: [2] Invalid argument supplied for foreach() /home/adlsh/public_html/ThinkPHP/Library/Think/Db/Driver.class.php 第 504 行.
SQL: SELECT COUNT(*) AS tp_count FROM `think_articles` LIMIT 1   [ RunTime:0.0012s ]
NOTIC: [2] Invalid argument supplied for foreach() /home/adlsh/public_html/ThinkPHP/Library/Think/Db/Driver.class.php 第 504 行.
SQL: SELECT * FROM `think_articles` ORDER BY id desc LIMIT 24,6   [ RunTime:0.0005s ]
INFO: [ view_parse ] --START--
INFO: [ template_filter ] --START--
INFO: Run Behavior\ContentReplaceBehavior [ RunTime:0.000059s ]
INFO: [ template_filter ] --END-- [ RunTime:0.000133s ]
NOTIC: [8] Undefined index: user /home/adlsh/public_html/Application/Runtime/Cache/Home/488f29f85e04ce1b07cdd2e6e11d3c70.php 第 44 行.
NOTIC: [8] Undefined index: user /home/adlsh/public_html/Application/Runtime/Cache/Home/488f29f85e04ce1b07cdd2e6e11d3c70.php 第 49 行.
INFO: Run Behavior\ParseTemplateBehavior [ RunTime:0.008330s ]
INFO: [ view_parse ] --END-- [ RunTime:0.008378s ]
INFO: [ view_filter ] --START--
INFO: Run Behavior\WriteHtmlCacheBehavior [ RunTime:0.000161s ]
INFO: [ view_filter ] --END-- [ RunTime:0.000199s ]
INFO: [ app_end ] --START--
INFO: Run Behavior\ShowPageTraceBehavior [ RunTime:0.000450s ]
INFO: [ app_end ] --END-- [ RunTime:0.000499s ]

[ 2018-02-21T18:20:25+08:00 ] 62.210.101.104 /index.php/Home/Articles/show_articles/p/6.html
INFO: [ app_init ] --START--
INFO: Run Behavior\BuildLiteBehavior [ RunTime:0.000014s ]
INFO: [ app_init ] --END-- [ RunTime:0.000327s ]
INFO: [ app_begin ] --START--
INFO: Run Behavior\ReadHtmlCacheBehavior [ RunTime:0.000382s ]
INFO: [ app_begin ] --END-- [ RunTime:0.000427s ]
SQL: SHOW COLUMNS FROM `think_articles` [ RunTime:0.0006s ]
NOTIC: [2] Invalid argument supplied for foreach() /home/adlsh/public_html/ThinkPHP/Library/Think/Db/Driver.class.php 第 504 行.
SQL: SELECT COUNT(*) AS tp_count FROM `think_articles` LIMIT 1   [ RunTime:0.0007s ]
NOTIC: [2] Invalid argument supplied for foreach() /home/adlsh/public_html/ThinkPHP/Library/Think/Db/Driver.class.php 第 504 行.
SQL: SELECT * FROM `think_articles` ORDER BY id desc LIMIT 30,6   [ RunTime:0.0004s ]
INFO: [ view_parse ] --START--
INFO: [ template_filter ] --START--
INFO: Run Behavior\ContentReplaceBehavior [ RunTime:0.000046s ]
INFO: [ template_filter ] --END-- [ RunTime:0.000094s ]
NOTIC: [8] Undefined index: user /home/adlsh/public_html/Application/Runtime/Cache/Home/488f29f85e04ce1b07cdd2e6e11d3c70.php 第 44 行.
NOTIC: [8] Undefined index: user /home/adlsh/public_html/Application/Runtime/Cache/Home/488f29f85e04ce1b07cdd2e6e11d3c70.php 第 49 行.
INFO: Run Behavior\ParseTemplateBehavior [ RunTime:0.007771s ]
INFO: [ view_parse ] --END-- [ RunTime:0.007817s ]
INFO: [ view_filter ] --START--
INFO: Run Behavior\WriteHtmlCacheBehavior [ RunTime:0.000145s ]
INFO: [ view_filter ] --END-- [ RunTime:0.000185s ]
INFO: [ app_end ] --START--
INFO: Run Behavior\ShowPageTraceBehavior [ RunTime:0.000419s ]
INFO: [ app_end ] --END-- [ RunTime:0.000469s ]

[ 2018-02-21T18:20:28+08:00 ] 62.210.101.104 /index.php/Home/Articles/show_articles/p/7.html
INFO: [ app_init ] --START--
INFO: Run Behavior\BuildLiteBehavior [ RunTime:0.000013s ]
INFO: [ app_init ] --END-- [ RunTime:0.000324s ]
INFO: [ app_begin ] --START--
INFO: Run Behavior\ReadHtmlCacheBehavior [ RunTime:0.000377s ]
INFO: [ app_begin ] --END-- [ RunTime:0.000422s ]
SQL: SHOW COLUMNS FROM `think_articles` [ RunTime:0.0006s ]
NOTIC: [2] Invalid argument supplied for foreach() /home/adlsh/public_html/ThinkPHP/Library/Think/Db/Driver.class.php 第 504 行.
SQL: SELECT COUNT(*) AS tp_count FROM `think_articles` LIMIT 1   [ RunTime:0.0007s ]
NOTIC: [2] Invalid argument supplied for foreach() /home/adlsh/public_html/ThinkPHP/Library/Think/Db/Driver.class.php 第 504 行.
SQL: SELECT * FROM `think_articles` ORDER BY id desc LIMIT 36,6   [ RunTime:0.0004s ]
INFO: [ view_parse ] --START--
INFO: [ template_filter ] --START--
INFO: Run Behavior\ContentReplaceBehavior [ RunTime:0.000044s ]
INFO: [ template_filter ] --END-- [ RunTime:0.000089s ]
NOTIC: [8] Undefined index: user /home/adlsh/public_html/Application/Runtime/Cache/Home/488f29f85e04ce1b07cdd2e6e11d3c70.php 第 44 行.
NOTIC: [8] Undefined index: user /home/adlsh/public_html/Application/Runtime/Cache/Home/488f29f85e04ce1b07cdd2e6e11d3c70.php 第 49 行.
INFO: Run Behavior\ParseTemplateBehavior [ RunTime:0.007520s ]
INFO: [ view_parse ] --END-- [ RunTime:0.007569s ]
INFO: [ view_filter ] --START--
INFO: Run Behavior\WriteHtmlCacheBehavior [ RunTime:0.000144s ]
INFO: [ view_filter ] --END-- [ RunTime:0.000186s ]
INFO: [ app_end ] --START--
INFO: Run Behavior\ShowPageTraceBehavior [ RunTime:0.000403s ]
INFO: [ app_end ] --END-- [ RunTime:0.000452s ]

[ 2018-02-21T18:20:32+08:00 ] 62.210.101.104 /index.php/Home/Articles/show_articles/p/8.html
INFO: [ app_init ] --START--
INFO: Run Behavior\BuildLiteBehavior [ RunTime:0.000018s ]
INFO: [ app_init ] --END-- [ RunTime:0.000340s ]
INFO: [ app_begin ] --START--
INFO: Run Behavior\ReadHtmlCacheBehavior [ RunTime:0.000405s ]
INFO: [ app_begin ] --END-- [ RunTime:0.000451s ]
SQL: SHOW COLUMNS FROM `think_articles` [ RunTime:0.0009s ]
NOTIC: [2] Invalid argument supplied for foreach() /home/adlsh/public_html/ThinkPHP/Library/Think/Db/Driver.class.php 第 504 行.
SQL: SELECT COUNT(*) AS tp_count FROM `think_articles` LIMIT 1   [ RunTime:0.0008s ]
NOTIC: [2] Invalid argument supplied for foreach() /home/adlsh/public_html/ThinkPHP/Library/Think/Db/Driver.class.php 第 504 行.
SQL: SELECT * FROM `think_articles` ORDER BY id desc LIMIT 42,6   [ RunTime:0.0004s ]
INFO: [ view_parse ] --START--
INFO: [ template_filter ] --START--
INFO: Run Behavior\ContentReplaceBehavior [ RunTime:0.000051s ]
INFO: [ template_filter ] --END-- [ RunTime:0.000112s ]
NOTIC: [8] Undefined index: user /home/adlsh/public_html/Application/Runtime/Cache/Home/488f29f85e04ce1b07cdd2e6e11d3c70.php 第 44 行.
NOTIC: [8] Undefined index: user /home/adlsh/public_html/Application/Runtime/Cache/Home/488f29f85e04ce1b07cdd2e6e11d3c70.php 第 49 行.
INFO: Run Behavior\ParseTemplateBehavior [ RunTime:0.007912s ]
INFO: [ view_parse ] --END-- [ RunTime:0.007959s ]
INFO: [ view_filter ] --START--
INFO: Run Behavior\WriteHtmlCacheBehavior [ RunTime:0.000154s ]
INFO: [ view_filter ] --END-- [ RunTime:0.000188s ]
INFO: [ app_end ] --START--
INFO: Run Behavior\ShowPageTraceBehavior [ RunTime:0.000423s ]
INFO: [ app_end ] --END-- [ RunTime:0.000468s ]

[ 2018-02-21T18:20:34+08:00 ] 62.210.101.104 /index.php/Home/Articles/show_articles/p/9.html
INFO: [ app_init ] --START--
INFO: Run Behavior\BuildLiteBehavior [ RunTime:0.000014s ]
INFO: [ app_init ] --END-- [ RunTime:0.000348s ]
INFO: [ app_begin ] --START--
INFO: Run Behavior\ReadHtmlCacheBehavior [ RunTime:0.000399s ]
INFO: [ app_begin ] --END-- [ RunTime:0.000444s ]
SQL: SHOW COLUMNS FROM `think_articles` [ RunTime:0.0009s ]
NOTIC: [2] Invalid argument supplied for foreach() /home/adlsh/public_html/ThinkPHP/Library/Think/Db/Driver.class.php 第 504 行.
SQL: SELECT COUNT(*) AS tp_count FROM `think_articles` LIMIT 1   [ RunTime:0.0013s ]
NOTIC: [2] Invalid argument supplied for foreach() /home/adlsh/public_html/ThinkPHP/Library/Think/Db/Driver.class.php 第 504 行.
SQL: SELECT * FROM `think_articles` ORDER BY id desc LIMIT 48,6   [ RunTime:0.0006s ]
INFO: [ view_parse ] --START--
INFO: [ template_filter ] --START--
INFO: Run Behavior\ContentReplaceBehavior [ RunTime:0.000074s ]
INFO: [ template_filter ] --END-- [ RunTime:0.000167s ]
NOTIC: [8] Undefined index: user /home/adlsh/public_html/Application/Runtime/Cache/Home/488f29f85e04ce1b07cdd2e6e11d3c70.php 第 44 行.
NOTIC: [8] Undefined index: user /home/adlsh/public_html/Application/Runtime/Cache/Home/488f29f85e04ce1b07cdd2e6e11d3c70.php 第 49 行.
INFO: Run Behavior\ParseTemplateBehavior [ RunTime:0.012518s ]
INFO: [ view_parse ] --END-- [ RunTime:0.012592s ]
INFO: [ view_filter ] --START--
INFO: Run Behavior\WriteHtmlCacheBehavior [ RunTime:0.000213s ]
INFO: [ view_filter ] --END-- [ RunTime:0.000272s ]
INFO: [ app_end ] --START--
INFO: Run Behavior\ShowPageTraceBehavior [ RunTime:0.000649s ]
INFO: [ app_end ] --END-- [ RunTime:0.000750s ]

[ 2018-02-21T18:20:38+08:00 ] 62.210.101.104 /index.php/Home/Gallery/show_img/p/10.html
INFO: [ app_init ] --START--
INFO: Run Behavior\BuildLiteBehavior [ RunTime:0.000018s ]
INFO: [ app_init ] --END-- [ RunTime:0.000449s ]
INFO: [ app_begin ] --START--
INFO: Run Behavior\ReadHtmlCacheBehavior [ RunTime:0.000568s ]
INFO: [ app_begin ] --END-- [ RunTime:0.000631s ]
SQL: SHOW COLUMNS FROM `think_gallery` [ RunTime:0.0022s ]
NOTIC: [2] Invalid argument supplied for foreach() /home/adlsh/public_html/ThinkPHP/Library/Think/Db/Driver.class.php 第 504 行.
SQL: SELECT COUNT(*) AS tp_count FROM `think_gallery` LIMIT 1   [ RunTime:0.0079s ]
NOTIC: [2] Invalid argument supplied for foreach() /home/adlsh/public_html/ThinkPHP/Library/Think/Db/Driver.class.php 第 504 行.
SQL: SELECT * FROM `think_gallery` ORDER BY id desc LIMIT 270,30   [ RunTime:0.0013s ]
INFO: [ view_parse ] --START--
INFO: [ template_filter ] --START--
INFO: Run Behavior\ContentReplaceBehavior [ RunTime:0.000053s ]
INFO: [ template_filter ] --END-- [ RunTime:0.000121s ]
NOTIC: [8] Undefined index: user /home/adlsh/public_html/Application/Runtime/Cache/Home/dfcf2cd9cf6b646e145d81de9c56bc96.php 第 41 行.
NOTIC: [8] Undefined index: user /home/adlsh/public_html/Application/Runtime/Cache/Home/dfcf2cd9cf6b646e145d81de9c56bc96.php 第 46 行.
INFO: Run Behavior\ParseTemplateBehavior [ RunTime:0.024191s ]
INFO: [ view_parse ] --END-- [ RunTime:0.024254s ]
INFO: [ view_filter ] --START--
INFO: Run Behavior\WriteHtmlCacheBehavior [ RunTime:0.000154s ]
INFO: [ view_filter ] --END-- [ RunTime:0.000193s ]
INFO: [ app_end ] --START--
INFO: Run Behavior\ShowPageTraceBehavior [ RunTime:0.000439s ]
INFO: [ app_end ] --END-- [ RunTime:0.000483s ]

[ 2018-02-21T18:20:41+08:00 ] 62.210.101.104 /index.php/Home/Gallery/show_img/p/11.html
INFO: [ app_init ] --START--
INFO: Run Behavior\BuildLiteBehavior [ RunTime:0.000013s ]
INFO: [ app_init ] --END-- [ RunTime:0.000315s ]
INFO: [ app_begin ] --START--
INFO: Run Behavior\ReadHtmlCacheBehavior [ RunTime:0.000485s ]
INFO: [ app_begin ] --END-- [ RunTime:0.000545s ]
SQL: SHOW COLUMNS FROM `think_gallery` [ RunTime:0.0007s ]
NOTIC: [2] Invalid argument supplied for foreach() /home/adlsh/public_html/ThinkPHP/Library/Think/Db/Driver.class.php 第 504 行.
SQL: SELECT COUNT(*) AS tp_count FROM `think_gallery` LIMIT 1   [ RunTime:0.0045s ]
NOTIC: [2] Invalid argument supplied for foreach() /home/adlsh/public_html/ThinkPHP/Library/Think/Db/Driver.class.php 第 504 行.
SQL: SELECT * FROM `think_gallery` ORDER BY id desc LIMIT 300,30   [ RunTime:0.0007s ]
INFO: [ view_parse ] --START--
INFO: [ template_filter ] --START--
INFO: Run Behavior\ContentReplaceBehavior [ RunTime:0.000065s ]
INFO: [ template_filter ] --END-- [ RunTime:0.000139s ]
NOTIC: [8] Undefined index: user /home/adlsh/public_html/Application/Runtime/Cache/Home/dfcf2cd9cf6b646e145d81de9c56bc96.php 第 41 行.
NOTIC: [8] Undefined index: user /home/adlsh/public_html/Application/Runtime/Cache/Home/dfcf2cd9cf6b646e145d81de9c56bc96.php 第 46 行.
INFO: Run Behavior\ParseTemplateBehavior [ RunTime:0.008308s ]
INFO: [ view_parse ] --END-- [ RunTime:0.008366s ]
INFO: [ view_filter ] --START--
INFO: Run Behavior\WriteHtmlCacheBehavior [ RunTime:0.000144s ]
INFO: [ view_filter ] --END-- [ RunTime:0.000180s ]
INFO: [ app_end ] --START--
INFO: Run Behavior\ShowPageTraceBehavior [ RunTime:0.000416s ]
INFO: [ app_end ] --END-- [ RunTime:0.000461s ]

[ 2018-02-21T18:20:48+08:00 ] 62.210.101.104 /index.php/Home/Gallery/show_img/p/2.html
INFO: [ app_init ] --START--
INFO: Run Behavior\BuildLiteBehavior [ RunTime:0.000014s ]
INFO: [ app_init ] --END-- [ RunTime:0.000333s ]
INFO: [ app_begin ] --START--
INFO: Run Behavior\ReadHtmlCacheBehavior [ RunTime:0.000396s ]
INFO: [ app_begin ] --END-- [ RunTime:0.000440s ]
SQL: SHOW COLUMNS FROM `think_gallery` [ RunTime:0.0008s ]
NOTIC: [2] Invalid argument supplied for foreach() /home/adlsh/public_html/ThinkPHP/Library/Think/Db/Driver.class.php 第 504 行.
SQL: SELECT COUNT(*) AS tp_count FROM `think_gallery` LIMIT 1   [ RunTime:0.0041s ]
NOTIC: [2] Invalid argument supplied for foreach() /home/adlsh/public_html/ThinkPHP/Library/Think/Db/Driver.class.php 第 504 行.
SQL: SELECT * FROM `think_gallery` ORDER BY id desc LIMIT 30,30   [ RunTime:0.0005s ]
INFO: [ view_parse ] --START--
INFO: [ template_filter ] --START--
INFO: Run Behavior\ContentReplaceBehavior [ RunTime:0.000052s ]
INFO: [ template_filter ] --END-- [ RunTime:0.000115s ]
NOTIC: [8] Undefined index: user /home/adlsh/public_html/Application/Runtime/Cache/Home/dfcf2cd9cf6b646e145d81de9c56bc96.php 第 41 行.
NOTIC: [8] Undefined index: user /home/adlsh/public_html/Application/Runtime/Cache/Home/dfcf2cd9cf6b646e145d81de9c56bc96.php 第 46 行.
INFO: Run Behavior\ParseTemplateBehavior [ RunTime:0.007815s ]
INFO: [ view_parse ] --END-- [ RunTime:0.007865s ]
INFO: [ view_filter ] --START--
INFO: Run Behavior\WriteHtmlCacheBehavior [ RunTime:0.000149s ]
INFO: [ view_filter ] --END-- [ RunTime:0.000188s ]
INFO: [ app_end ] --START--
INFO: Run Behavior\ShowPageTraceBehavior [ RunTime:0.000443s ]
INFO: [ app_end ] --END-- [ RunTime:0.000488s ]

[ 2018-02-21T18:20:50+08:00 ] 62.210.101.104 /index.php/Home/Gallery/show_img/p/3.html
INFO: [ app_init ] --START--
INFO: Run Behavior\BuildLiteBehavior [ RunTime:0.000018s ]
INFO: [ app_init ] --END-- [ RunTime:0.000331s ]
INFO: [ app_begin ] --START--
INFO: Run Behavior\ReadHtmlCacheBehavior [ RunTime:0.000397s ]
INFO: [ app_begin ] --END-- [ RunTime:0.000441s ]
SQL: SHOW COLUMNS FROM `think_gallery` [ RunTime:0.0010s ]
NOTIC: [2] Invalid argument supplied for foreach() /home/adlsh/public_html/ThinkPHP/Library/Think/Db/Driver.class.php 第 504 行.
SQL: SELECT COUNT(*) AS tp_count FROM `think_gallery` LIMIT 1   [ RunTime:0.0032s ]
NOTIC: [2] Invalid argument supplied for foreach() /home/adlsh/public_html/ThinkPHP/Library/Think/Db/Driver.class.php 第 504 行.
SQL: SELECT * FROM `think_gallery` ORDER BY id desc LIMIT 60,30   [ RunTime:0.0006s ]
INFO: [ view_parse ] --START--
INFO: [ template_filter ] --START--
INFO: Run Behavior\ContentReplaceBehavior [ RunTime:0.000053s ]
INFO: [ template_filter ] --END-- [ RunTime:0.000125s ]
NOTIC: [8] Undefined index: user /home/adlsh/public_html/Application/Runtime/Cache/Home/dfcf2cd9cf6b646e145d81de9c56bc96.php 第 41 行.
NOTIC: [8] Undefined index: user /home/adlsh/public_html/Application/Runtime/Cache/Home/dfcf2cd9cf6b646e145d81de9c56bc96.php 第 46 行.
INFO: Run Behavior\ParseTemplateBehavior [ RunTime:0.007592s ]
INFO: [ view_parse ] --END-- [ RunTime:0.007645s ]
INFO: [ view_filter ] --START--
INFO: Run Behavior\WriteHtmlCacheBehavior [ RunTime:0.000170s ]
INFO: [ view_filter ] --END-- [ RunTime:0.000205s ]
INFO: [ app_end ] --START--
INFO: Run Behavior\ShowPageTraceBehavior [ RunTime:0.000441s ]
INFO: [ app_end ] --END-- [ RunTime:0.000481s ]

[ 2018-02-21T18:20:53+08:00 ] 62.210.101.104 /index.php/Home/Gallery/show_img/p/362.html
INFO: [ app_init ] --START--
INFO: Run Behavior\BuildLiteBehavior [ RunTime:0.000024s ]
INFO: [ app_init ] --END-- [ RunTime:0.000471s ]
INFO: [ app_begin ] --START--
INFO: Run Behavior\ReadHtmlCacheBehavior [ RunTime:0.000570s ]
INFO: [ app_begin ] --END-- [ RunTime:0.000629s ]
SQL: SHOW COLUMNS FROM `think_gallery` [ RunTime:0.0007s ]
NOTIC: [2] Invalid argument supplied for foreach() /home/adlsh/public_html/ThinkPHP/Library/Think/Db/Driver.class.php 第 504 行.
SQL: SELECT COUNT(*) AS tp_count FROM `think_gallery` LIMIT 1   [ RunTime:0.0042s ]
NOTIC: [2] Invalid argument supplied for foreach() /home/adlsh/public_html/ThinkPHP/Library/Think/Db/Driver.class.php 第 504 行.
SQL: SELECT * FROM `think_gallery` ORDER BY id desc LIMIT 10830,30   [ RunTime:0.0333s ]
INFO: [ view_parse ] --START--
INFO: [ template_filter ] --START--
INFO: Run Behavior\ContentReplaceBehavior [ RunTime:0.000055s ]
INFO: [ template_filter ] --END-- [ RunTime:0.000119s ]
NOTIC: [8] Undefined index: user /home/adlsh/public_html/Application/Runtime/Cache/Home/dfcf2cd9cf6b646e145d81de9c56bc96.php 第 41 行.
NOTIC: [8] Undefined index: user /home/adlsh/public_html/Application/Runtime/Cache/Home/dfcf2cd9cf6b646e145d81de9c56bc96.php 第 46 行.
INFO: Run Behavior\ParseTemplateBehavior [ RunTime:0.007840s ]
INFO: [ view_parse ] --END-- [ RunTime:0.007907s ]
INFO: [ view_filter ] --START--
INFO: Run Behavior\WriteHtmlCacheBehavior [ RunTime:0.000153s ]
INFO: [ view_filter ] --END-- [ RunTime:0.000189s ]
INFO: [ app_end ] --START--
INFO: Run Behavior\ShowPageTraceBehavior [ RunTime:0.000473s ]
INFO: [ app_end ] --END-- [ RunTime:0.000511s ]

[ 2018-02-21T18:20:55+08:00 ] 62.210.101.104 /index.php/Home/Gallery/show_img/p/4.html
INFO: [ app_init ] --START--
INFO: Run Behavior\BuildLiteBehavior [ RunTime:0.000018s ]
INFO: [ app_init ] --END-- [ RunTime:0.000347s ]
INFO: [ app_begin ] --START--
INFO: Run Behavior\ReadHtmlCacheBehavior [ RunTime:0.000409s ]
INFO: [ app_begin ] --END-- [ RunTime:0.000456s ]
SQL: SHOW COLUMNS FROM `think_gallery` [ RunTime:0.0007s ]
NOTIC: [2] Invalid argument supplied for foreach() /home/adlsh/public_html/ThinkPHP/Library/Think/Db/Driver.class.php 第 504 行.
SQL: SELECT COUNT(*) AS tp_count FROM `think_gallery` LIMIT 1   [ RunTime:0.0050s ]
NOTIC: [2] Invalid argument supplied for foreach() /home/adlsh/public_html/ThinkPHP/Library/Think/Db/Driver.class.php 第 504 行.
SQL: SELECT * FROM `think_gallery` ORDER BY id desc LIMIT 90,30   [ RunTime:0.0006s ]
INFO: [ view_parse ] --START--
INFO: [ template_filter ] --START--
INFO: Run Behavior\ContentReplaceBehavior [ RunTime:0.000080s ]
INFO: [ template_filter ] --END-- [ RunTime:0.000185s ]
NOTIC: [8] Undefined index: user /home/adlsh/public_html/Application/Runtime/Cache/Home/dfcf2cd9cf6b646e145d81de9c56bc96.php 第 41 行.
NOTIC: [8] Undefined index: user /home/adlsh/public_html/Application/Runtime/Cache/Home/dfcf2cd9cf6b646e145d81de9c56bc96.php 第 46 行.
INFO: Run Behavior\ParseTemplateBehavior [ RunTime:0.010673s ]
INFO: [ view_parse ] --END-- [ RunTime:0.010743s ]
INFO: [ view_filter ] --START--
INFO: Run Behavior\WriteHtmlCacheBehavior [ RunTime:0.000213s ]
INFO: [ view_filter ] --END-- [ RunTime:0.000262s ]
INFO: [ app_end ] --START--
INFO: Run Behavior\ShowPageTraceBehavior [ RunTime:0.000552s ]
INFO: [ app_end ] --END-- [ RunTime:0.000601s ]

[ 2018-02-21T18:21:05+08:00 ] 62.210.101.104 /index.php/Home/Gallery/show_img/p/5.html
INFO: [ app_init ] --START--
INFO: Run Behavior\BuildLiteBehavior [ RunTime:0.000014s ]
INFO: [ app_init ] --END-- [ RunTime:0.000328s ]
INFO: [ app_begin ] --START--
INFO: Run Behavior\ReadHtmlCacheBehavior [ RunTime:0.000606s ]
INFO: [ app_begin ] --END-- [ RunTime:0.000665s ]
SQL: SHOW COLUMNS FROM `think_gallery` [ RunTime:0.0006s ]
NOTIC: [2] Invalid argument supplied for foreach() /home/adlsh/public_html/ThinkPHP/Library/Think/Db/Driver.class.php 第 504 行.
SQL: SELECT COUNT(*) AS tp_count FROM `think_gallery` LIMIT 1   [ RunTime:0.0023s ]
NOTIC: [2] Invalid argument supplied for foreach() /home/adlsh/public_html/ThinkPHP/Library/Think/Db/Driver.class.php 第 504 行.
SQL: SELECT * FROM `think_gallery` ORDER BY id desc LIMIT 120,30   [ RunTime:0.0004s ]
INFO: [ view_parse ] --START--
INFO: [ template_filter ] --START--
INFO: Run Behavior\ContentReplaceBehavior [ RunTime:0.000052s ]
INFO: [ template_filter ] --END-- [ RunTime:0.000104s ]
NOTIC: [8] Undefined index: user /home/adlsh/public_html/Application/Runtime/Cache/Home/dfcf2cd9cf6b646e145d81de9c56bc96.php 第 41 行.
NOTIC: [8] Undefined index: user /home/adlsh/public_html/Application/Runtime/Cache/Home/dfcf2cd9cf6b646e145d81de9c56bc96.php 第 46 行.
INFO: Run Behavior\ParseTemplateBehavior [ RunTime:0.007245s ]
INFO: [ view_parse ] --END-- [ RunTime:0.007294s ]
INFO: [ view_filter ] --START--
INFO: Run Behavior\WriteHtmlCacheBehavior [ RunTime:0.000153s ]
INFO: [ view_filter ] --END-- [ RunTime:0.000188s ]
INFO: [ app_end ] --START--
INFO: Run Behavior\ShowPageTraceBehavior [ RunTime:0.000432s ]
INFO: [ app_end ] --END-- [ RunTime:0.000473s ]

[ 2018-02-21T18:21:08+08:00 ] 62.210.101.104 /index.php/Home/Gallery/show_img/p/6.html
INFO: [ app_init ] --START--
INFO: Run Behavior\BuildLiteBehavior [ RunTime:0.000014s ]
INFO: [ app_init ] --END-- [ RunTime:0.000313s ]
INFO: [ app_begin ] --START--
INFO: Run Behavior\ReadHtmlCacheBehavior [ RunTime:0.000391s ]
INFO: [ app_begin ] --END-- [ RunTime:0.000438s ]
SQL: SHOW COLUMNS FROM `think_gallery` [ RunTime:0.0007s ]
NOTIC: [2] Invalid argument supplied for foreach() /home/adlsh/public_html/ThinkPHP/Library/Think/Db/Driver.class.php 第 504 行.
SQL: SELECT COUNT(*) AS tp_count FROM `think_gallery` LIMIT 1   [ RunTime:0.0027s ]
NOTIC: [2] Invalid argument supplied for foreach() /home/adlsh/public_html/ThinkPHP/Library/Think/Db/Driver.class.php 第 504 行.
SQL: SELECT * FROM `think_gallery` ORDER BY id desc LIMIT 150,30   [ RunTime:0.0004s ]
INFO: [ view_parse ] --START--
INFO: [ template_filter ] --START--
INFO: Run Behavior\ContentReplaceBehavior [ RunTime:0.000052s ]
INFO: [ template_filter ] --END-- [ RunTime:0.000104s ]
NOTIC: [8] Undefined index: user /home/adlsh/public_html/Application/Runtime/Cache/Home/dfcf2cd9cf6b646e145d81de9c56bc96.php 第 41 行.
NOTIC: [8] Undefined index: user /home/adlsh/public_html/Application/Runtime/Cache/Home/dfcf2cd9cf6b646e145d81de9c56bc96.php 第 46 行.
INFO: Run Behavior\ParseTemplateBehavior [ RunTime:0.072625s ]
INFO: [ view_parse ] --END-- [ RunTime:0.072687s ]
INFO: [ view_filter ] --START--
INFO: Run Behavior\WriteHtmlCacheBehavior [ RunTime:0.000183s ]
INFO: [ view_filter ] --END-- [ RunTime:0.000221s ]
INFO: [ app_end ] --START--
INFO: Run Behavior\ShowPageTraceBehavior [ RunTime:0.000476s ]
INFO: [ app_end ] --END-- [ RunTime:0.000521s ]

[ 2018-02-21T18:21:12+08:00 ] 62.210.101.104 /index.php/Home/Gallery/show_img/p/7.html
INFO: [ app_init ] --START--
INFO: Run Behavior\BuildLiteBehavior [ RunTime:0.000016s ]
INFO: [ app_init ] --END-- [ RunTime:0.000335s ]
INFO: [ app_begin ] --START--
INFO: Run Behavior\ReadHtmlCacheBehavior [ RunTime:0.000389s ]
INFO: [ app_begin ] --END-- [ RunTime:0.000434s ]
SQL: SHOW COLUMNS FROM `think_gallery` [ RunTime:0.0008s ]
NOTIC: [2] Invalid argument supplied for foreach() /home/adlsh/public_html/ThinkPHP/Library/Think/Db/Driver.class.php 第 504 行.
SQL: SELECT COUNT(*) AS tp_count FROM `think_gallery` LIMIT 1   [ RunTime:0.0046s ]
NOTIC: [2] Invalid argument supplied for foreach() /home/adlsh/public_html/ThinkPHP/Library/Think/Db/Driver.class.php 第 504 行.
SQL: SELECT * FROM `think_gallery` ORDER BY id desc LIMIT 180,30   [ RunTime:0.0006s ]
INFO: [ view_parse ] --START--
INFO: [ template_filter ] --START--
INFO: Run Behavior\ContentReplaceBehavior [ RunTime:0.000050s ]
INFO: [ template_filter ] --END-- [ RunTime:0.000118s ]
NOTIC: [8] Undefined index: user /home/adlsh/public_html/Application/Runtime/Cache/Home/dfcf2cd9cf6b646e145d81de9c56bc96.php 第 41 行.
NOTIC: [8] Undefined index: user /home/adlsh/public_html/Application/Runtime/Cache/Home/dfcf2cd9cf6b646e145d81de9c56bc96.php 第 46 行.
INFO: Run Behavior\ParseTemplateBehavior [ RunTime:0.007404s ]
INFO: [ view_parse ] --END-- [ RunTime:0.007454s ]
INFO: [ view_filter ] --START--
INFO: Run Behavior\WriteHtmlCacheBehavior [ RunTime:0.000161s ]
INFO: [ view_filter ] --END-- [ RunTime:0.000199s ]
INFO: [ app_end ] --START--
INFO: Run Behavior\ShowPageTraceBehavior [ RunTime:0.000421s ]
INFO: [ app_end ] --END-- [ RunTime:0.000466s ]

[ 2018-02-21T18:21:16+08:00 ] 62.210.101.104 /index.php/Home/Gallery/show_img/p/8.html
INFO: [ app_init ] --START--
INFO: Run Behavior\BuildLiteBehavior [ RunTime:0.000018s ]
INFO: [ app_init ] --END-- [ RunTime:0.000331s ]
INFO: [ app_begin ] --START--
INFO: Run Behavior\ReadHtmlCacheBehavior [ RunTime:0.000395s ]
INFO: [ app_begin ] --END-- [ RunTime:0.000439s ]
SQL: SHOW COLUMNS FROM `think_gallery` [ RunTime:0.0009s ]
NOTIC: [2] Invalid argument supplied for foreach() /home/adlsh/public_html/ThinkPHP/Library/Think/Db/Driver.class.php 第 504 行.
SQL: SELECT COUNT(*) AS tp_count FROM `think_gallery` LIMIT 1   [ RunTime:0.0036s ]
NOTIC: [2] Invalid argument supplied for foreach() /home/adlsh/public_html/ThinkPHP/Library/Think/Db/Driver.class.php 第 504 行.
SQL: SELECT * FROM `think_gallery` ORDER BY id desc LIMIT 210,30   [ RunTime:0.0005s ]
INFO: [ view_parse ] --START--
INFO: [ template_filter ] --START--
INFO: Run Behavior\ContentReplaceBehavior [ RunTime:0.000048s ]
INFO: [ template_filter ] --END-- [ RunTime:0.000109s ]
NOTIC: [8] Undefined index: user /home/adlsh/public_html/Application/Runtime/Cache/Home/dfcf2cd9cf6b646e145d81de9c56bc96.php 第 41 行.
NOTIC: [8] Undefined index: user /home/adlsh/public_html/Application/Runtime/Cache/Home/dfcf2cd9cf6b646e145d81de9c56bc96.php 第 46 行.
INFO: Run Behavior\ParseTemplateBehavior [ RunTime:0.007189s ]
INFO: [ view_parse ] --END-- [ RunTime:0.007242s ]
INFO: [ view_filter ] --START--
INFO: Run Behavior\WriteHtmlCacheBehavior [ RunTime:0.000148s ]
INFO: [ view_filter ] --END-- [ RunTime:0.000184s ]
INFO: [ app_end ] --START--
INFO: Run Behavior\ShowPageTraceBehavior [ RunTime:0.000421s ]
INFO: [ app_end ] --END-- [ RunTime:0.000465s ]

[ 2018-02-21T18:21:18+08:00 ] 62.210.101.104 /index.php/Home/Gallery/show_img/p/9.html
INFO: [ app_init ] --START--
INFO: Run Behavior\BuildLiteBehavior [ RunTime:0.000014s ]
INFO: [ app_init ] --END-- [ RunTime:0.000317s ]
INFO: [ app_begin ] --START--
INFO: Run Behavior\ReadHtmlCacheBehavior [ RunTime:0.000381s ]
INFO: [ app_begin ] --END-- [ RunTime:0.000425s ]
SQL: SHOW COLUMNS FROM `think_gallery` [ RunTime:0.0007s ]
NOTIC: [2] Invalid argument supplied for foreach() /home/adlsh/public_html/ThinkPHP/Library/Think/Db/Driver.class.php 第 504 行.
SQL: SELECT COUNT(*) AS tp_count FROM `think_gallery` LIMIT 1   [ RunTime:0.0033s ]
NOTIC: [2] Invalid argument supplied for foreach() /home/adlsh/public_html/ThinkPHP/Library/Think/Db/Driver.class.php 第 504 行.
SQL: SELECT * FROM `think_gallery` ORDER BY id desc LIMIT 240,30   [ RunTime:0.0005s ]
INFO: [ view_parse ] --START--
INFO: [ template_filter ] --START--
INFO: Run Behavior\ContentReplaceBehavior [ RunTime:0.000046s ]
INFO: [ template_filter ] --END-- [ RunTime:0.000092s ]
NOTIC: [8] Undefined index: user /home/adlsh/public_html/Application/Runtime/Cache/Home/dfcf2cd9cf6b646e145d81de9c56bc96.php 第 41 行.
NOTIC: [8] Undefined index: user /home/adlsh/public_html/Application/Runtime/Cache/Home/dfcf2cd9cf6b646e145d81de9c56bc96.php 第 46 行.
INFO: Run Behavior\ParseTemplateBehavior [ RunTime:0.007536s ]
INFO: [ view_parse ] --END-- [ RunTime:0.007583s ]
INFO: [ view_filter ] --START--
INFO: Run Behavior\WriteHtmlCacheBehavior [ RunTime:0.000152s ]
INFO: [ view_filter ] --END-- [ RunTime:0.000247s ]
INFO: [ app_end ] --START--
INFO: Run Behavior\ShowPageTraceBehavior [ RunTime:0.000412s ]
INFO: [ app_end ] --END-- [ RunTime:0.000457s ]

[ 2018-02-21T18:21:21+08:00 ] 62.210.101.104 /index.php/Home/Index/index.html
INFO: [ app_init ] --START--
INFO: Run Behavior\BuildLiteBehavior [ RunTime:0.000026s ]
INFO: [ app_init ] --END-- [ RunTime:0.000514s ]
INFO: [ app_begin ] --START--
INFO: Run Behavior\ReadHtmlCacheBehavior [ RunTime:0.000638s ]
INFO: [ app_begin ] --END-- [ RunTime:0.000714s ]
INFO: [ view_parse ] --START--
INFO: [ template_filter ] --START--
INFO: Run Behavior\ContentReplaceBehavior [ RunTime:0.000066s ]
INFO: [ template_filter ] --END-- [ RunTime:0.000164s ]
NOTIC: [8] Undefined index: user /home/adlsh/public_html/Application/Runtime/Cache/Home/51f56f8f375e1b2493439729eff22748.php 第 42 行.
NOTIC: [8] Undefined index: user /home/adlsh/public_html/Application/Runtime/Cache/Home/51f56f8f375e1b2493439729eff22748.php 第 47 行.
INFO: Run Behavior\ParseTemplateBehavior [ RunTime:0.016189s ]
INFO: [ view_parse ] --END-- [ RunTime:0.016271s ]
INFO: [ view_filter ] --START--
INFO: Run Behavior\WriteHtmlCacheBehavior [ RunTime:0.000154s ]
INFO: [ view_filter ] --END-- [ RunTime:0.000188s ]
INFO: [ app_end ] --START--
INFO: Run Behavior\ShowPageTraceBehavior [ RunTime:0.000571s ]
INFO: [ app_end ] --END-- [ RunTime:0.000628s ]

[ 2018-02-21T18:21:24+08:00 ] 62.210.101.104 /index.php/Home/User/register.html
INFO: [ app_init ] --START--
INFO: Run Behavior\BuildLiteBehavior [ RunTime:0.000014s ]
INFO: [ app_init ] --END-- [ RunTime:0.000397s ]
INFO: [ app_begin ] --START--
INFO: Run Behavior\ReadHtmlCacheBehavior [ RunTime:0.000381s ]
INFO: [ app_begin ] --END-- [ RunTime:0.000427s ]
INFO: [ view_parse ] --START--
INFO: [ template_filter ] --START--
INFO: Run Behavior\ContentReplaceBehavior [ RunTime:0.000033s ]
INFO: [ template_filter ] --END-- [ RunTime:0.000081s ]
NOTIC: [8] Undefined index: register_info /home/adlsh/public_html/Application/Runtime/Cache/Home/3359adbadf95118621a5c500fb3ff893.php 第 44 行.
INFO: Run Behavior\ParseTemplateBehavior [ RunTime:0.007776s ]
INFO: [ view_parse ] --END-- [ RunTime:0.007821s ]
INFO: [ view_filter ] --START--
INFO: Run Behavior\WriteHtmlCacheBehavior [ RunTime:0.000150s ]
INFO: [ view_filter ] --END-- [ RunTime:0.000185s ]
INFO: [ app_end ] --START--
INFO: Run Behavior\ShowPageTraceBehavior [ RunTime:0.000404s ]
INFO: [ app_end ] --END-- [ RunTime:0.000450s ]

