[ 2018-03-05T07:26:49+08:00 ] 54.187.32.163 /
INFO: [ app_init ] --START--
INFO: Run Behavior\BuildLiteBehavior [ RunTime:0.000029s ]
INFO: [ app_init ] --END-- [ RunTime:0.000779s ]
INFO: [ app_begin ] --START--
INFO: Run Behavior\ReadHtmlCacheBehavior [ RunTime:0.007827s ]
INFO: [ app_begin ] --END-- [ RunTime:0.007914s ]
INFO: [ view_parse ] --START--
INFO: [ template_filter ] --START--
INFO: Run Behavior\ContentReplaceBehavior [ RunTime:0.000082s ]
INFO: [ template_filter ] --END-- [ RunTime:0.000177s ]
NOTIC: [8] Undefined index: user /home/adlsh/public_html/Application/Runtime/Cache/Home/51f56f8f375e1b2493439729eff22748.php 第 42 行.
NOTIC: [8] Undefined index: user /home/adlsh/public_html/Application/Runtime/Cache/Home/51f56f8f375e1b2493439729eff22748.php 第 47 行.
INFO: Run Behavior\ParseTemplateBehavior [ RunTime:0.092266s ]
INFO: [ view_parse ] --END-- [ RunTime:0.092334s ]
INFO: [ view_filter ] --START--
INFO: Run Behavior\WriteHtmlCacheBehavior [ RunTime:0.005493s ]
INFO: [ view_filter ] --END-- [ RunTime:0.005553s ]
INFO: [ app_end ] --START--
INFO: Run Behavior\ShowPageTraceBehavior [ RunTime:0.007819s ]
INFO: [ app_end ] --END-- [ RunTime:0.007889s ]

[ 2018-03-05T08:41:20+08:00 ] 54.183.165.74 /
INFO: [ app_init ] --START--
INFO: Run Behavior\BuildLiteBehavior [ RunTime:0.000022s ]
INFO: [ app_init ] --END-- [ RunTime:0.000583s ]
INFO: [ app_begin ] --START--
INFO: Run Behavior\ReadHtmlCacheBehavior [ RunTime:0.000537s ]
INFO: [ app_begin ] --END-- [ RunTime:0.000584s ]
INFO: [ view_parse ] --START--
INFO: [ template_filter ] --START--
INFO: Run Behavior\ContentReplaceBehavior [ RunTime:0.000057s ]
INFO: [ template_filter ] --END-- [ RunTime:0.000124s ]
NOTIC: [8] Undefined index: user /home/adlsh/public_html/Application/Runtime/Cache/Home/51f56f8f375e1b2493439729eff22748.php 第 42 行.
NOTIC: [8] Undefined index: user /home/adlsh/public_html/Application/Runtime/Cache/Home/51f56f8f375e1b2493439729eff22748.php 第 47 行.
INFO: Run Behavior\ParseTemplateBehavior [ RunTime:0.081395s ]
INFO: [ view_parse ] --END-- [ RunTime:0.081457s ]
INFO: [ view_filter ] --START--
INFO: Run Behavior\WriteHtmlCacheBehavior [ RunTime:0.008597s ]
INFO: [ view_filter ] --END-- [ RunTime:0.008661s ]
INFO: [ app_end ] --START--
INFO: Run Behavior\ShowPageTraceBehavior [ RunTime:0.008120s ]
INFO: [ app_end ] --END-- [ RunTime:0.008196s ]

[ 2018-03-05T10:12:41+08:00 ] 159.65.180.226 /
INFO: [ app_init ] --START--
INFO: Run Behavior\BuildLiteBehavior [ RunTime:0.000028s ]
INFO: [ app_init ] --END-- [ RunTime:0.004389s ]
INFO: [ app_begin ] --START--
INFO: Run Behavior\ReadHtmlCacheBehavior [ RunTime:0.007907s ]
INFO: [ app_begin ] --END-- [ RunTime:0.007981s ]
INFO: [ view_parse ] --START--
INFO: [ template_filter ] --START--
INFO: Run Behavior\ContentReplaceBehavior [ RunTime:0.000053s ]
INFO: [ template_filter ] --END-- [ RunTime:0.000116s ]
NOTIC: [8] Undefined index: user /home/adlsh/public_html/Application/Runtime/Cache/Home/51f56f8f375e1b2493439729eff22748.php 第 42 行.
NOTIC: [8] Undefined index: user /home/adlsh/public_html/Application/Runtime/Cache/Home/51f56f8f375e1b2493439729eff22748.php 第 47 行.
INFO: Run Behavior\ParseTemplateBehavior [ RunTime:0.082376s ]
INFO: [ view_parse ] --END-- [ RunTime:0.082431s ]
INFO: [ view_filter ] --START--
INFO: Run Behavior\WriteHtmlCacheBehavior [ RunTime:0.006374s ]
INFO: [ view_filter ] --END-- [ RunTime:0.006411s ]
INFO: [ app_end ] --START--
INFO: Run Behavior\ShowPageTraceBehavior [ RunTime:0.010023s ]
INFO: [ app_end ] --END-- [ RunTime:0.010084s ]

