[ 2018-02-15T09:28:49+08:00 ] 13.56.229.65 /
INFO: [ app_init ] --START--
INFO: Run Behavior\BuildLiteBehavior [ RunTime:0.000029s ]
INFO: [ app_init ] --END-- [ RunTime:0.000754s ]
INFO: [ app_begin ] --START--
INFO: Run Behavior\ReadHtmlCacheBehavior [ RunTime:0.007764s ]
INFO: [ app_begin ] --END-- [ RunTime:0.007875s ]
INFO: [ view_parse ] --START--
INFO: [ template_filter ] --START--
INFO: Run Behavior\ContentReplaceBehavior [ RunTime:0.000059s ]
INFO: [ template_filter ] --END-- [ RunTime:0.000150s ]
NOTIC: [8] Undefined index: user /home/adlsh/public_html/Application/Runtime/Cache/Home/51f56f8f375e1b2493439729eff22748.php 第 42 行.
NOTIC: [8] Undefined index: user /home/adlsh/public_html/Application/Runtime/Cache/Home/51f56f8f375e1b2493439729eff22748.php 第 47 行.
INFO: Run Behavior\ParseTemplateBehavior [ RunTime:0.096475s ]
INFO: [ view_parse ] --END-- [ RunTime:0.096565s ]
INFO: [ view_filter ] --START--
INFO: Run Behavior\WriteHtmlCacheBehavior [ RunTime:0.011015s ]
INFO: [ view_filter ] --END-- [ RunTime:0.011108s ]
INFO: [ app_end ] --START--
INFO: Run Behavior\ShowPageTraceBehavior [ RunTime:0.018569s ]
INFO: [ app_end ] --END-- [ RunTime:0.018670s ]

