[ 2018-02-07T16:50:28+08:00 ] 68.180.229.98 /index.php/Home/Gallery/show_img/p/355.html
INFO: [ app_init ] --START--
INFO: Run Behavior\BuildLiteBehavior [ RunTime:0.000027s ]
INFO: [ app_init ] --END-- [ RunTime:0.000678s ]
INFO: [ app_begin ] --START--
INFO: Run Behavior\ReadHtmlCacheBehavior [ RunTime:0.007937s ]
INFO: [ app_begin ] --END-- [ RunTime:0.008039s ]
SQL: SHOW COLUMNS FROM `think_gallery` [ RunTime:0.0027s ]
NOTIC: [2] Invalid argument supplied for foreach() /home/adlsh/public_html/ThinkPHP/Library/Think/Db/Driver.class.php 第 504 行.
SQL: SELECT COUNT(*) AS tp_count FROM `think_gallery` LIMIT 1   [ RunTime:0.0515s ]
NOTIC: [2] Invalid argument supplied for foreach() /home/adlsh/public_html/ThinkPHP/Library/Think/Db/Driver.class.php 第 504 行.
SQL: SELECT * FROM `think_gallery` ORDER BY id desc LIMIT 10620,30   [ RunTime:0.0088s ]
INFO: [ view_parse ] --START--
INFO: [ template_filter ] --START--
INFO: Run Behavior\ContentReplaceBehavior [ RunTime:0.000064s ]
INFO: [ template_filter ] --END-- [ RunTime:0.000140s ]
NOTIC: [8] Undefined index: user /home/adlsh/public_html/Application/Runtime/Cache/Home/dfcf2cd9cf6b646e145d81de9c56bc96.php 第 41 行.
NOTIC: [8] Undefined index: user /home/adlsh/public_html/Application/Runtime/Cache/Home/dfcf2cd9cf6b646e145d81de9c56bc96.php 第 46 行.
INFO: Run Behavior\ParseTemplateBehavior [ RunTime:0.074973s ]
INFO: [ view_parse ] --END-- [ RunTime:0.075023s ]
INFO: [ view_filter ] --START--
INFO: Run Behavior\WriteHtmlCacheBehavior [ RunTime:0.016395s ]
INFO: [ view_filter ] --END-- [ RunTime:0.016477s ]
INFO: [ app_end ] --START--
INFO: Run Behavior\ShowPageTraceBehavior [ RunTime:0.031969s ]
INFO: [ app_end ] --END-- [ RunTime:0.032080s ]

