[ 2018-02-16T20:28:42+08:00 ] 106.39.190.242 /
INFO: [ app_init ] --START--
INFO: Run Behavior\BuildLiteBehavior [ RunTime:0.000021s ]
INFO: [ app_init ] --END-- [ RunTime:0.000580s ]
INFO: [ app_begin ] --START--
INFO: Run Behavior\ReadHtmlCacheBehavior [ RunTime:0.008030s ]
INFO: [ app_begin ] --END-- [ RunTime:0.008079s ]
INFO: [ view_parse ] --START--
INFO: [ template_filter ] --START--
INFO: Run Behavior\ContentReplaceBehavior [ RunTime:0.000084s ]
INFO: [ template_filter ] --END-- [ RunTime:0.000182s ]
NOTIC: [8] Undefined index: user /home/adlsh/public_html/Application/Runtime/Cache/Home/51f56f8f375e1b2493439729eff22748.php 第 42 行.
NOTIC: [8] Undefined index: user /home/adlsh/public_html/Application/Runtime/Cache/Home/51f56f8f375e1b2493439729eff22748.php 第 47 行.
INFO: Run Behavior\ParseTemplateBehavior [ RunTime:0.094692s ]
INFO: [ view_parse ] --END-- [ RunTime:0.094748s ]
INFO: [ view_filter ] --START--
INFO: Run Behavior\WriteHtmlCacheBehavior [ RunTime:0.007881s ]
INFO: [ view_filter ] --END-- [ RunTime:0.007925s ]
INFO: [ app_end ] --START--
INFO: Run Behavior\ShowPageTraceBehavior [ RunTime:0.008728s ]
INFO: [ app_end ] --END-- [ RunTime:0.008800s ]

[ 2018-02-16T20:28:49+08:00 ] 150.138.174.143 /index.php/Home/Notes/articles.html
INFO: [ app_init ] --START--
INFO: Run Behavior\BuildLiteBehavior [ RunTime:0.000013s ]
INFO: [ app_init ] --END-- [ RunTime:0.000319s ]
INFO: [ app_begin ] --START--
INFO: Run Behavior\ReadHtmlCacheBehavior [ RunTime:0.000389s ]
INFO: [ app_begin ] --END-- [ RunTime:0.000438s ]
INFO: [ view_parse ] --START--
INFO: [ template_filter ] --START--
INFO: Run Behavior\ContentReplaceBehavior [ RunTime:0.000049s ]
INFO: [ template_filter ] --END-- [ RunTime:0.000113s ]
NOTIC: [8] Undefined index: user /home/adlsh/public_html/Application/Runtime/Cache/Home/f29c03928f7e1a9a83be7f583fa69771.php 第 43 行.
NOTIC: [8] Undefined index: user /home/adlsh/public_html/Application/Runtime/Cache/Home/f29c03928f7e1a9a83be7f583fa69771.php 第 48 行.
INFO: Run Behavior\ParseTemplateBehavior [ RunTime:0.018198s ]
INFO: [ view_parse ] --END-- [ RunTime:0.018259s ]
INFO: [ view_filter ] --START--
INFO: Run Behavior\WriteHtmlCacheBehavior [ RunTime:0.000223s ]
INFO: [ view_filter ] --END-- [ RunTime:0.000282s ]
INFO: [ app_end ] --START--
INFO: Run Behavior\ShowPageTraceBehavior [ RunTime:0.000453s ]
INFO: [ app_end ] --END-- [ RunTime:0.000497s ]

[ 2018-02-16T20:28:54+08:00 ] 150.138.174.143 /index.php/Home/Gallery/show_img.html
INFO: [ app_init ] --START--
INFO: Run Behavior\BuildLiteBehavior [ RunTime:0.000020s ]
INFO: [ app_init ] --END-- [ RunTime:0.000463s ]
INFO: [ app_begin ] --START--
INFO: Run Behavior\ReadHtmlCacheBehavior [ RunTime:0.000588s ]
INFO: [ app_begin ] --END-- [ RunTime:0.000653s ]
SQL: SHOW COLUMNS FROM `think_gallery` [ RunTime:0.0023s ]
NOTIC: [2] Invalid argument supplied for foreach() /home/adlsh/public_html/ThinkPHP/Library/Think/Db/Driver.class.php 第 504 行.
SQL: SELECT COUNT(*) AS tp_count FROM `think_gallery` LIMIT 1   [ RunTime:0.0077s ]
NOTIC: [2] Invalid argument supplied for foreach() /home/adlsh/public_html/ThinkPHP/Library/Think/Db/Driver.class.php 第 504 行.
SQL: SELECT * FROM `think_gallery` ORDER BY id desc LIMIT 0,30   [ RunTime:0.0007s ]
INFO: [ view_parse ] --START--
INFO: [ template_filter ] --START--
INFO: Run Behavior\ContentReplaceBehavior [ RunTime:0.000051s ]
INFO: [ template_filter ] --END-- [ RunTime:0.000118s ]
NOTIC: [8] Undefined index: user /home/adlsh/public_html/Application/Runtime/Cache/Home/dfcf2cd9cf6b646e145d81de9c56bc96.php 第 41 行.
NOTIC: [8] Undefined index: user /home/adlsh/public_html/Application/Runtime/Cache/Home/dfcf2cd9cf6b646e145d81de9c56bc96.php 第 46 行.
INFO: Run Behavior\ParseTemplateBehavior [ RunTime:0.052119s ]
INFO: [ view_parse ] --END-- [ RunTime:0.052197s ]
INFO: [ view_filter ] --START--
INFO: Run Behavior\WriteHtmlCacheBehavior [ RunTime:0.000198s ]
INFO: [ view_filter ] --END-- [ RunTime:0.000256s ]
INFO: [ app_end ] --START--
INFO: Run Behavior\ShowPageTraceBehavior [ RunTime:0.000449s ]
INFO: [ app_end ] --END-- [ RunTime:0.000493s ]

[ 2018-02-16T20:28:56+08:00 ] 150.138.174.143 /index.php/Home/Gallery/show_img/p/2.html
INFO: [ app_init ] --START--
INFO: Run Behavior\BuildLiteBehavior [ RunTime:0.000017s ]
INFO: [ app_init ] --END-- [ RunTime:0.000327s ]
INFO: [ app_begin ] --START--
INFO: Run Behavior\ReadHtmlCacheBehavior [ RunTime:0.000362s ]
INFO: [ app_begin ] --END-- [ RunTime:0.000404s ]
SQL: SHOW COLUMNS FROM `think_gallery` [ RunTime:0.0007s ]
NOTIC: [2] Invalid argument supplied for foreach() /home/adlsh/public_html/ThinkPHP/Library/Think/Db/Driver.class.php 第 504 行.
SQL: SELECT COUNT(*) AS tp_count FROM `think_gallery` LIMIT 1   [ RunTime:0.0024s ]
NOTIC: [2] Invalid argument supplied for foreach() /home/adlsh/public_html/ThinkPHP/Library/Think/Db/Driver.class.php 第 504 行.
SQL: SELECT * FROM `think_gallery` ORDER BY id desc LIMIT 30,30   [ RunTime:0.0003s ]
INFO: [ view_parse ] --START--
INFO: [ template_filter ] --START--
INFO: Run Behavior\ContentReplaceBehavior [ RunTime:0.000048s ]
INFO: [ template_filter ] --END-- [ RunTime:0.000107s ]
NOTIC: [8] Undefined index: user /home/adlsh/public_html/Application/Runtime/Cache/Home/dfcf2cd9cf6b646e145d81de9c56bc96.php 第 41 行.
NOTIC: [8] Undefined index: user /home/adlsh/public_html/Application/Runtime/Cache/Home/dfcf2cd9cf6b646e145d81de9c56bc96.php 第 46 行.
INFO: Run Behavior\ParseTemplateBehavior [ RunTime:0.007154s ]
INFO: [ view_parse ] --END-- [ RunTime:0.007213s ]
INFO: [ view_filter ] --START--
INFO: Run Behavior\WriteHtmlCacheBehavior [ RunTime:0.000153s ]
INFO: [ view_filter ] --END-- [ RunTime:0.000191s ]
INFO: [ app_end ] --START--
INFO: Run Behavior\ShowPageTraceBehavior [ RunTime:0.000394s ]
INFO: [ app_end ] --END-- [ RunTime:0.000436s ]

[ 2018-02-16T20:28:57+08:00 ] 150.138.174.143 /index.php/Home/Notes/articles.html
INFO: [ app_init ] --START--
INFO: Run Behavior\BuildLiteBehavior [ RunTime:0.000013s ]
INFO: [ app_init ] --END-- [ RunTime:0.000295s ]
INFO: [ app_begin ] --START--
INFO: Run Behavior\ReadHtmlCacheBehavior [ RunTime:0.000377s ]
INFO: [ app_begin ] --END-- [ RunTime:0.000420s ]
INFO: [ view_parse ] --START--
INFO: [ template_filter ] --START--
INFO: Run Behavior\ContentReplaceBehavior [ RunTime:0.000039s ]
INFO: [ template_filter ] --END-- [ RunTime:0.000085s ]
NOTIC: [8] Undefined index: user /home/adlsh/public_html/Application/Runtime/Cache/Home/f29c03928f7e1a9a83be7f583fa69771.php 第 43 行.
NOTIC: [8] Undefined index: user /home/adlsh/public_html/Application/Runtime/Cache/Home/f29c03928f7e1a9a83be7f583fa69771.php 第 48 行.
INFO: Run Behavior\ParseTemplateBehavior [ RunTime:0.006393s ]
INFO: [ view_parse ] --END-- [ RunTime:0.006431s ]
INFO: [ view_filter ] --START--
INFO: Run Behavior\WriteHtmlCacheBehavior [ RunTime:0.000147s ]
INFO: [ view_filter ] --END-- [ RunTime:0.000182s ]
INFO: [ app_end ] --START--
INFO: Run Behavior\ShowPageTraceBehavior [ RunTime:0.000382s ]
INFO: [ app_end ] --END-- [ RunTime:0.000418s ]

[ 2018-02-16T20:29:15+08:00 ] 150.138.174.143 /index.php/Home/Articles/show_articles.html
INFO: [ app_init ] --START--
INFO: Run Behavior\BuildLiteBehavior [ RunTime:0.000015s ]
INFO: [ app_init ] --END-- [ RunTime:0.000309s ]
INFO: [ app_begin ] --START--
INFO: Run Behavior\ReadHtmlCacheBehavior [ RunTime:0.000375s ]
INFO: [ app_begin ] --END-- [ RunTime:0.000418s ]
SQL: SHOW COLUMNS FROM `think_articles` [ RunTime:0.0021s ]
NOTIC: [2] Invalid argument supplied for foreach() /home/adlsh/public_html/ThinkPHP/Library/Think/Db/Driver.class.php 第 504 行.
SQL: SELECT COUNT(*) AS tp_count FROM `think_articles` LIMIT 1   [ RunTime:0.0132s ]
NOTIC: [2] Invalid argument supplied for foreach() /home/adlsh/public_html/ThinkPHP/Library/Think/Db/Driver.class.php 第 504 行.
SQL: SELECT * FROM `think_articles` ORDER BY id desc LIMIT 0,6   [ RunTime:0.0017s ]
INFO: [ view_parse ] --START--
INFO: [ template_filter ] --START--
INFO: Run Behavior\ContentReplaceBehavior [ RunTime:0.000050s ]
INFO: [ template_filter ] --END-- [ RunTime:0.000109s ]
NOTIC: [8] Undefined index: user /home/adlsh/public_html/Application/Runtime/Cache/Home/488f29f85e04ce1b07cdd2e6e11d3c70.php 第 44 行.
NOTIC: [8] Undefined index: user /home/adlsh/public_html/Application/Runtime/Cache/Home/488f29f85e04ce1b07cdd2e6e11d3c70.php 第 49 行.
INFO: Run Behavior\ParseTemplateBehavior [ RunTime:0.052938s ]
INFO: [ view_parse ] --END-- [ RunTime:0.053011s ]
INFO: [ view_filter ] --START--
INFO: Run Behavior\WriteHtmlCacheBehavior [ RunTime:0.000149s ]
INFO: [ view_filter ] --END-- [ RunTime:0.000187s ]
INFO: [ app_end ] --START--
INFO: Run Behavior\ShowPageTraceBehavior [ RunTime:0.000450s ]
INFO: [ app_end ] --END-- [ RunTime:0.000498s ]

[ 2018-02-16T20:29:15+08:00 ] 150.138.174.143 /index.php/Home/Articles/show_articles/p/2.html
INFO: [ app_init ] --START--
INFO: Run Behavior\BuildLiteBehavior [ RunTime:0.000019s ]
INFO: [ app_init ] --END-- [ RunTime:0.000331s ]
INFO: [ app_begin ] --START--
INFO: Run Behavior\ReadHtmlCacheBehavior [ RunTime:0.000377s ]
INFO: [ app_begin ] --END-- [ RunTime:0.000419s ]
SQL: SHOW COLUMNS FROM `think_articles` [ RunTime:0.0008s ]
NOTIC: [2] Invalid argument supplied for foreach() /home/adlsh/public_html/ThinkPHP/Library/Think/Db/Driver.class.php 第 504 行.
SQL: SELECT COUNT(*) AS tp_count FROM `think_articles` LIMIT 1   [ RunTime:0.0011s ]
NOTIC: [2] Invalid argument supplied for foreach() /home/adlsh/public_html/ThinkPHP/Library/Think/Db/Driver.class.php 第 504 行.
SQL: SELECT * FROM `think_articles` ORDER BY id desc LIMIT 6,6   [ RunTime:0.0005s ]
INFO: [ view_parse ] --START--
INFO: [ template_filter ] --START--
INFO: Run Behavior\ContentReplaceBehavior [ RunTime:0.000053s ]
INFO: [ template_filter ] --END-- [ RunTime:0.000119s ]
NOTIC: [8] Undefined index: user /home/adlsh/public_html/Application/Runtime/Cache/Home/488f29f85e04ce1b07cdd2e6e11d3c70.php 第 44 行.
NOTIC: [8] Undefined index: user /home/adlsh/public_html/Application/Runtime/Cache/Home/488f29f85e04ce1b07cdd2e6e11d3c70.php 第 49 行.
INFO: Run Behavior\ParseTemplateBehavior [ RunTime:0.010629s ]
INFO: [ view_parse ] --END-- [ RunTime:0.010688s ]
INFO: [ view_filter ] --START--
INFO: Run Behavior\WriteHtmlCacheBehavior [ RunTime:0.000166s ]
INFO: [ view_filter ] --END-- [ RunTime:0.000204s ]
INFO: [ app_end ] --START--
INFO: Run Behavior\ShowPageTraceBehavior [ RunTime:0.000432s ]
INFO: [ app_end ] --END-- [ RunTime:0.000480s ]

[ 2018-02-16T20:29:28+08:00 ] 150.138.174.143 /index.php/Home/Articles/show_articles.html
INFO: [ app_init ] --START--
INFO: Run Behavior\BuildLiteBehavior [ RunTime:0.000014s ]
INFO: [ app_init ] --END-- [ RunTime:0.000316s ]
INFO: [ app_begin ] --START--
INFO: Run Behavior\ReadHtmlCacheBehavior [ RunTime:0.000386s ]
INFO: [ app_begin ] --END-- [ RunTime:0.000429s ]
SQL: SHOW COLUMNS FROM `think_articles` [ RunTime:0.0008s ]
NOTIC: [2] Invalid argument supplied for foreach() /home/adlsh/public_html/ThinkPHP/Library/Think/Db/Driver.class.php 第 504 行.
SQL: SELECT COUNT(*) AS tp_count FROM `think_articles` LIMIT 1   [ RunTime:0.0008s ]
NOTIC: [2] Invalid argument supplied for foreach() /home/adlsh/public_html/ThinkPHP/Library/Think/Db/Driver.class.php 第 504 行.
SQL: SELECT * FROM `think_articles` ORDER BY id desc LIMIT 0,6   [ RunTime:0.0004s ]
INFO: [ view_parse ] --START--
INFO: [ template_filter ] --START--
INFO: Run Behavior\ContentReplaceBehavior [ RunTime:0.000046s ]
INFO: [ template_filter ] --END-- [ RunTime:0.000089s ]
NOTIC: [8] Undefined index: user /home/adlsh/public_html/Application/Runtime/Cache/Home/488f29f85e04ce1b07cdd2e6e11d3c70.php 第 44 行.
NOTIC: [8] Undefined index: user /home/adlsh/public_html/Application/Runtime/Cache/Home/488f29f85e04ce1b07cdd2e6e11d3c70.php 第 49 行.
INFO: Run Behavior\ParseTemplateBehavior [ RunTime:0.007406s ]
INFO: [ view_parse ] --END-- [ RunTime:0.007451s ]
INFO: [ view_filter ] --START--
INFO: Run Behavior\WriteHtmlCacheBehavior [ RunTime:0.000139s ]
INFO: [ view_filter ] --END-- [ RunTime:0.000177s ]
INFO: [ app_end ] --START--
INFO: Run Behavior\ShowPageTraceBehavior [ RunTime:0.000402s ]
INFO: [ app_end ] --END-- [ RunTime:0.000450s ]

[ 2018-02-16T20:29:29+08:00 ] 150.138.174.143 /index.php/Home/Articles/show_articles/p/2.html
INFO: [ app_init ] --START--
INFO: Run Behavior\BuildLiteBehavior [ RunTime:0.000018s ]
INFO: [ app_init ] --END-- [ RunTime:0.000383s ]
INFO: [ app_begin ] --START--
INFO: Run Behavior\ReadHtmlCacheBehavior [ RunTime:0.000502s ]
INFO: [ app_begin ] --END-- [ RunTime:0.000552s ]
SQL: SHOW COLUMNS FROM `think_articles` [ RunTime:0.0007s ]
NOTIC: [2] Invalid argument supplied for foreach() /home/adlsh/public_html/ThinkPHP/Library/Think/Db/Driver.class.php 第 504 行.
SQL: SELECT COUNT(*) AS tp_count FROM `think_articles` LIMIT 1   [ RunTime:0.0013s ]
NOTIC: [2] Invalid argument supplied for foreach() /home/adlsh/public_html/ThinkPHP/Library/Think/Db/Driver.class.php 第 504 行.
SQL: SELECT * FROM `think_articles` ORDER BY id desc LIMIT 6,6   [ RunTime:0.0004s ]
INFO: [ view_parse ] --START--
INFO: [ template_filter ] --START--
INFO: Run Behavior\ContentReplaceBehavior [ RunTime:0.000069s ]
INFO: [ template_filter ] --END-- [ RunTime:0.000137s ]
NOTIC: [8] Undefined index: user /home/adlsh/public_html/Application/Runtime/Cache/Home/488f29f85e04ce1b07cdd2e6e11d3c70.php 第 44 行.
NOTIC: [8] Undefined index: user /home/adlsh/public_html/Application/Runtime/Cache/Home/488f29f85e04ce1b07cdd2e6e11d3c70.php 第 49 行.
INFO: Run Behavior\ParseTemplateBehavior [ RunTime:0.008255s ]
INFO: [ view_parse ] --END-- [ RunTime:0.008316s ]
INFO: [ view_filter ] --START--
INFO: Run Behavior\WriteHtmlCacheBehavior [ RunTime:0.000203s ]
INFO: [ view_filter ] --END-- [ RunTime:0.000268s ]
INFO: [ app_end ] --START--
INFO: Run Behavior\ShowPageTraceBehavior [ RunTime:0.000510s ]
INFO: [ app_end ] --END-- [ RunTime:0.000569s ]

[ 2018-02-16T20:40:53+08:00 ] 42.156.250.244 /
INFO: [ app_init ] --START--
INFO: Run Behavior\BuildLiteBehavior [ RunTime:0.000019s ]
INFO: [ app_init ] --END-- [ RunTime:0.000455s ]
INFO: [ app_begin ] --START--
INFO: Run Behavior\ReadHtmlCacheBehavior [ RunTime:0.000569s ]
INFO: [ app_begin ] --END-- [ RunTime:0.000632s ]
INFO: [ view_parse ] --START--
INFO: [ template_filter ] --START--
INFO: Run Behavior\ContentReplaceBehavior [ RunTime:0.000061s ]
INFO: [ template_filter ] --END-- [ RunTime:0.000123s ]
NOTIC: [8] Undefined index: user /home/adlsh/public_html/Application/Runtime/Cache/Home/51f56f8f375e1b2493439729eff22748.php 第 42 行.
NOTIC: [8] Undefined index: user /home/adlsh/public_html/Application/Runtime/Cache/Home/51f56f8f375e1b2493439729eff22748.php 第 47 行.
INFO: Run Behavior\ParseTemplateBehavior [ RunTime:0.108588s ]
INFO: [ view_parse ] --END-- [ RunTime:0.108656s ]
INFO: [ view_filter ] --START--
INFO: Run Behavior\WriteHtmlCacheBehavior [ RunTime:0.000204s ]
INFO: [ view_filter ] --END-- [ RunTime:0.000242s ]
INFO: [ app_end ] --START--
INFO: Run Behavior\ShowPageTraceBehavior [ RunTime:0.000610s ]
INFO: [ app_end ] --END-- [ RunTime:0.000665s ]

[ 2018-02-16T20:40:54+08:00 ] 42.156.250.244 /
INFO: [ app_init ] --START--
INFO: Run Behavior\BuildLiteBehavior [ RunTime:0.000012s ]
INFO: [ app_init ] --END-- [ RunTime:0.000317s ]
INFO: [ app_begin ] --START--
INFO: Run Behavior\ReadHtmlCacheBehavior [ RunTime:0.000371s ]
INFO: [ app_begin ] --END-- [ RunTime:0.000416s ]
INFO: [ view_parse ] --START--
INFO: [ template_filter ] --START--
INFO: Run Behavior\ContentReplaceBehavior [ RunTime:0.000039s ]
INFO: [ template_filter ] --END-- [ RunTime:0.000081s ]
NOTIC: [8] Undefined index: user /home/adlsh/public_html/Application/Runtime/Cache/Home/51f56f8f375e1b2493439729eff22748.php 第 42 行.
NOTIC: [8] Undefined index: user /home/adlsh/public_html/Application/Runtime/Cache/Home/51f56f8f375e1b2493439729eff22748.php 第 47 行.
INFO: Run Behavior\ParseTemplateBehavior [ RunTime:0.006323s ]
INFO: [ view_parse ] --END-- [ RunTime:0.006365s ]
INFO: [ view_filter ] --START--
INFO: Run Behavior\WriteHtmlCacheBehavior [ RunTime:0.000137s ]
INFO: [ view_filter ] --END-- [ RunTime:0.000171s ]
INFO: [ app_end ] --START--
INFO: Run Behavior\ShowPageTraceBehavior [ RunTime:0.000392s ]
INFO: [ app_end ] --END-- [ RunTime:0.000430s ]

[ 2018-02-16T20:55:38+08:00 ] 14.204.125.39 /
INFO: [ app_init ] --START--
INFO: Run Behavior\BuildLiteBehavior [ RunTime:0.000025s ]
INFO: [ app_init ] --END-- [ RunTime:0.000540s ]
INFO: [ app_begin ] --START--
INFO: Run Behavior\ReadHtmlCacheBehavior [ RunTime:0.000652s ]
INFO: [ app_begin ] --END-- [ RunTime:0.000722s ]
INFO: [ view_parse ] --START--
INFO: [ template_filter ] --START--
INFO: Run Behavior\ContentReplaceBehavior [ RunTime:0.000074s ]
INFO: [ template_filter ] --END-- [ RunTime:0.000174s ]
NOTIC: [8] Undefined index: user /home/adlsh/public_html/Application/Runtime/Cache/Home/51f56f8f375e1b2493439729eff22748.php 第 42 行.
NOTIC: [8] Undefined index: user /home/adlsh/public_html/Application/Runtime/Cache/Home/51f56f8f375e1b2493439729eff22748.php 第 47 行.
INFO: Run Behavior\ParseTemplateBehavior [ RunTime:0.018332s ]
INFO: [ view_parse ] --END-- [ RunTime:0.018404s ]
INFO: [ view_filter ] --START--
INFO: Run Behavior\WriteHtmlCacheBehavior [ RunTime:0.000238s ]
INFO: [ view_filter ] --END-- [ RunTime:0.000295s ]
INFO: [ app_end ] --START--
INFO: Run Behavior\ShowPageTraceBehavior [ RunTime:0.000679s ]
INFO: [ app_end ] --END-- [ RunTime:0.000747s ]

